<?xml version="1.0" encoding="UTF-8" ?>
<testsuite failures="0" time="0.046" errors="8" skipped="0" tests="9" name="com.springsource.roo.reservetickets.domain.PriceIntegrationTest">
  <properties>
    <property name="java.runtime.name" value="Java(TM) SE Runtime Environment"/>
    <property name="sun.boot.library.path" value="C:\Program Files\Java\jdk1.7.0_71\jre\bin"/>
    <property name="java.vm.version" value="24.71-b01"/>
    <property name="java.vm.vendor" value="Oracle Corporation"/>
    <property name="java.vendor.url" value="http://java.oracle.com/"/>
    <property name="path.separator" value=";"/>
    <property name="guice.disable.misplaced.annotation.check" value="true"/>
    <property name="java.vm.name" value="Java HotSpot(TM) 64-Bit Server VM"/>
    <property name="file.encoding.pkg" value="sun.io"/>
    <property name="user.script" value=""/>
    <property name="user.country" value="PL"/>
    <property name="sun.java.launcher" value="SUN_STANDARD"/>
    <property name="sun.os.patch.level" value=""/>
    <property name="java.vm.specification.name" value="Java Virtual Machine Specification"/>
    <property name="user.dir" value="C:\Users\user\Documents\workspace-sts-3.6.3.SR2\reserveRepo\reserveInitSecur"/>
    <property name="java.runtime.version" value="1.7.0_71-b14"/>
    <property name="java.awt.graphicsenv" value="sun.awt.Win32GraphicsEnvironment"/>
    <property name="java.endorsed.dirs" value="C:\Program Files\Java\jdk1.7.0_71\jre\lib\endorsed"/>
    <property name="os.arch" value="amd64"/>
    <property name="java.io.tmpdir" value="C:\Users\user\AppData\Local\Temp\"/>
    <property name="line.separator" value="
"/>
    <property name="java.vm.specification.vendor" value="Oracle Corporation"/>
    <property name="user.variant" value=""/>
    <property name="os.name" value="Windows 8.1"/>
    <property name="classworlds.conf" value="C:\Program Files\Apache Software Foundation\apache-maven-3.2.5\bin\..\bin\m2.conf"/>
    <property name="sun.jnu.encoding" value="Cp1250"/>
    <property name="java.library.path" value="C:\Program Files\Java\jdk1.7.0_71\bin;C:\WINDOWS\Sun\Java\bin;C:\WINDOWS\system32;C:\WINDOWS;C:\Program Files\Haskell\bin;C:\Program Files\Haskell Platform\2014.2.0.0\lib\extralibs\bin;C:\Program Files\Haskell Platform\2014.2.0.0\bin;C:\WINDOWS\system32;C:\WINDOWS;C:\WINDOWS\system32\wbem;C:\Program Files (x86)\NVIDIA Corporation\PhysX\Common;C:\Program Files (x86)\Intel\iCLS Client;C:\Program Files\Intel\iCLS Client;C:\Program Files\Broadcom\Broadcom 802.11 Network Adapter;C:\Windows\System32\WindowsPowerShell\v1.0;C:\Program Files\Intel\Intel(R) Management Engine Components\DAL;C:\Program Files\Intel\Intel(R) Management Engine Components\IPT;C:\Program Files (x86)\Intel\Intel(R) Management Engine Components\DAL;C:\Program Files (x86)\Intel\Intel(R) Management Engine Components\IPT;C:\Program Files\WIDCOMM\Bluetooth Software;C:\Program Files\WIDCOMM\Bluetooth Software\syswow64;C:\Program Files (x86)\Intel\OpenCL SDK\2.0\bin\x86;C:\Program Files (x86)\Intel\OpenCL SDK\2.0\bin\x64;C:\Program Files\Sony\VAIO Improvement;C:\Program Files (x86)\Sony\VAIO BIOS Data Transfer Utility;C:\Program Files (x86)\Sony\VAIO Startup Setting Tool;C:\Program Files\MiKTeX 2.9\miktex\bin\x64;C:\Program Files\Microsoft SQL Server\110\DTS\Binn\;C:\Program Files (x86)\Microsoft SQL Server\110\Tools\Binn\;C:\Program Files\Microsoft SQL Server\110\Tools\Binn\;C:\Program Files (x86)\Microsoft SQL Server\110\Tools\Binn\ManagementStudio\;C:\Program Files (x86)\Microsoft Visual Studio 10.0\Common7\IDE\PrivateAssemblies\;C:\Program Files (x86)\Microsoft SQL Server\110\DTS\Binn\;C:\Program Files\Haskell Platform\2014.2.0.0\mingw\bin;C:\WINDOWS\System32\Wbem;C:\WINDOWS\System32\WindowsPowerShell\v1.0\;C:\Program Files (x86)\Windows Kits\8.1\Windows Performance Toolkit\;C:\Program Files (x86)\Microsoft SDKs\TypeScript\1.0\;C:\Program Files\Microsoft SQL Server\120\Tools\Binn\;C:\Program Files\Apache Software Foundation\apache-maven-3.2.5\bin;C:\Program Files\TortoiseHg\;C:\Dwimperl\perl\bin;C:\Dwimperl\perl\site\bin;C:\Dwimperl\c\bin;C:\Program Files (x86)\Liquid Technologies\Liquid XML 2015\XmlDataBinder13\Redist13\cpp\win32\bin;C:\spring-roo-1.3.1.RELEASE\bin;C:\Program Files\Apache Software Foundation\apache-maven-3.2.5\bin;."/>
    <property name="java.specification.name" value="Java Platform API Specification"/>
    <property name="java.class.version" value="51.0"/>
    <property name="sun.management.compiler" value="HotSpot 64-Bit Tiered Compilers"/>
    <property name="os.version" value="6.3"/>
    <property name="user.home" value="C:\Users\user"/>
    <property name="user.timezone" value="Europe/Belgrade"/>
    <property name="java.awt.printerjob" value="sun.awt.windows.WPrinterJob"/>
    <property name="java.specification.version" value="1.7"/>
    <property name="file.encoding" value="Cp1250"/>
    <property name="user.name" value="user"/>
    <property name="java.class.path" value="C:\Program Files\Apache Software Foundation\apache-maven-3.2.5\bin\..\boot\plexus-classworlds-2.5.2.jar"/>
    <property name="java.vm.specification.version" value="1.7"/>
    <property name="sun.arch.data.model" value="64"/>
    <property name="java.home" value="C:\Program Files\Java\jdk1.7.0_71\jre"/>
    <property name="sun.java.command" value="org.codehaus.plexus.classworlds.launcher.Launcher test"/>
    <property name="java.specification.vendor" value="Oracle Corporation"/>
    <property name="user.language" value="pl"/>
    <property name="awt.toolkit" value="sun.awt.windows.WToolkit"/>
    <property name="java.vm.info" value="mixed mode"/>
    <property name="java.version" value="1.7.0_71"/>
    <property name="java.ext.dirs" value="C:\Program Files\Java\jdk1.7.0_71\jre\lib\ext;C:\WINDOWS\Sun\Java\lib\ext"/>
    <property name="sun.boot.class.path" value="C:\Program Files\Java\jdk1.7.0_71\jre\lib\resources.jar;C:\Program Files\Java\jdk1.7.0_71\jre\lib\rt.jar;C:\Program Files\Java\jdk1.7.0_71\jre\lib\sunrsasign.jar;C:\Program Files\Java\jdk1.7.0_71\jre\lib\jsse.jar;C:\Program Files\Java\jdk1.7.0_71\jre\lib\jce.jar;C:\Program Files\Java\jdk1.7.0_71\jre\lib\charsets.jar;C:\Program Files\Java\jdk1.7.0_71\jre\lib\jfr.jar;C:\Program Files\Java\jdk1.7.0_71\jre\classes"/>
    <property name="java.vendor" value="Oracle Corporation"/>
    <property name="maven.home" value="C:\Program Files\Apache Software Foundation\apache-maven-3.2.5\bin\.."/>
    <property name="file.separator" value="\"/>
    <property name="java.vendor.url.bug" value="http://bugreport.sun.com/bugreport/"/>
    <property name="sun.cpu.endian" value="little"/>
    <property name="sun.io.unicode.encoding" value="UnicodeLittle"/>
    <property name="sun.desktop" value="windows"/>
    <property name="sun.cpu.isalist" value="amd64"/>
  </properties>
  <testcase time="0.015" classname="com.springsource.roo.reservetickets.domain.PriceIntegrationTest" name="testFlush">
    <error message="org.hibernate.exception.SQLGrammarException: could not extract ResultSet; nested exception is javax.persistence.PersistenceException: org.hibernate.exception.SQLGrammarException: could not extract ResultSet" type="org.springframework.orm.jpa.JpaSystemException">org.springframework.orm.jpa.JpaSystemException: org.hibernate.exception.SQLGrammarException: could not extract ResultSet; nested exception is javax.persistence.PersistenceException: org.hibernate.exception.SQLGrammarException: could not extract ResultSet
	at org.springframework.orm.jpa.EntityManagerFactoryUtils.convertJpaAccessExceptionIfPossible(EntityManagerFactoryUtils.java:321)
	at org.springframework.orm.jpa.aspectj.JpaExceptionTranslatorAspect.ajc$afterThrowing$org_springframework_orm_jpa_aspectj_JpaExceptionTranslatorAspect$1$18a1ac9(JpaExceptionTranslatorAspect.aj:33)
	at com.springsource.roo.reservetickets.domain.Price_Roo_Jpa_ActiveRecord.findPriceEntries_aroundBody10(Price_Roo_Jpa_ActiveRecord.aj:50)
	at com.springsource.roo.reservetickets.domain.Price_Roo_Jpa_ActiveRecord.ajc$interMethod$com_springsource_roo_reservetickets_domain_Price_Roo_Jpa_ActiveRecord$com_springsource_roo_reservetickets_domain_Price$findPriceEntries(Price_Roo_Jpa_ActiveRecord.aj:1)
	at com.springsource.roo.reservetickets.domain.Price.findPriceEntries(Price.java:1)
	at com.springsource.roo.reservetickets.domain.Price_Roo_Jpa_ActiveRecord.ajc$interMethodDispatch1$com_springsource_roo_reservetickets_domain_Price_Roo_Jpa_ActiveRecord$com_springsource_roo_reservetickets_domain_Price$findPriceEntries(Price_Roo_Jpa_ActiveRecord.aj)
	at com.springsource.roo.reservetickets.domain.PriceDataOnDemand_Roo_DataOnDemand.ajc$interMethod$com_springsource_roo_reservetickets_domain_PriceDataOnDemand_Roo_DataOnDemand$com_springsource_roo_reservetickets_domain_PriceDataOnDemand$init(PriceDataOnDemand_Roo_DataOnDemand.aj:77)
	at com.springsource.roo.reservetickets.domain.PriceDataOnDemand.init(PriceDataOnDemand.java:1)
	at com.springsource.roo.reservetickets.domain.PriceDataOnDemand_Roo_DataOnDemand.ajc$interMethodDispatch1$com_springsource_roo_reservetickets_domain_PriceDataOnDemand_Roo_DataOnDemand$com_springsource_roo_reservetickets_domain_PriceDataOnDemand$init(PriceDataOnDemand_Roo_DataOnDemand.aj)
	at com.springsource.roo.reservetickets.domain.PriceDataOnDemand_Roo_DataOnDemand.ajc$interMethod$com_springsource_roo_reservetickets_domain_PriceDataOnDemand_Roo_DataOnDemand$com_springsource_roo_reservetickets_domain_PriceDataOnDemand$getRandomPrice(PriceDataOnDemand_Roo_DataOnDemand.aj:64)
	at com.springsource.roo.reservetickets.domain.PriceDataOnDemand.getRandomPrice(PriceDataOnDemand.java:1)
	at com.springsource.roo.reservetickets.domain.PriceDataOnDemand_Roo_DataOnDemand.ajc$interMethodDispatch1$com_springsource_roo_reservetickets_domain_PriceDataOnDemand_Roo_DataOnDemand$com_springsource_roo_reservetickets_domain_PriceDataOnDemand$getRandomPrice(PriceDataOnDemand_Roo_DataOnDemand.aj)
	at com.springsource.roo.reservetickets.domain.PriceIntegrationTest_Roo_IntegrationTest.ajc$interMethod$com_springsource_roo_reservetickets_domain_PriceIntegrationTest_Roo_IntegrationTest$com_springsource_roo_reservetickets_domain_PriceIntegrationTest$testFlush(PriceIntegrationTest_Roo_IntegrationTest.aj:74)
	at com.springsource.roo.reservetickets.domain.PriceIntegrationTest.testFlush(PriceIntegrationTest.java:1)
	at sun.reflect.NativeMethodAccessorImpl.invoke0(Native Method)
	at sun.reflect.NativeMethodAccessorImpl.invoke(NativeMethodAccessorImpl.java:57)
	at sun.reflect.DelegatingMethodAccessorImpl.invoke(DelegatingMethodAccessorImpl.java:43)
	at java.lang.reflect.Method.invoke(Method.java:606)
	at org.junit.runners.model.FrameworkMethod$1.runReflectiveCall(FrameworkMethod.java:47)
	at org.junit.internal.runners.model.ReflectiveCallable.run(ReflectiveCallable.java:12)
	at org.junit.runners.model.FrameworkMethod.invokeExplosively(FrameworkMethod.java:44)
	at org.junit.internal.runners.statements.InvokeMethod.evaluate(InvokeMethod.java:17)
	at org.springframework.test.context.junit4.statements.RunBeforeTestMethodCallbacks.evaluate(RunBeforeTestMethodCallbacks.java:74)
	at org.springframework.test.context.junit4.statements.RunAfterTestMethodCallbacks.evaluate(RunAfterTestMethodCallbacks.java:83)
	at org.springframework.test.context.junit4.statements.SpringRepeat.evaluate(SpringRepeat.java:72)
	at org.springframework.test.context.junit4.SpringJUnit4ClassRunner.runChild(SpringJUnit4ClassRunner.java:231)
	at org.springframework.test.context.junit4.SpringJUnit4ClassRunner.runChild(SpringJUnit4ClassRunner.java:88)
	at org.junit.runners.ParentRunner$3.run(ParentRunner.java:238)
	at org.junit.runners.ParentRunner$1.schedule(ParentRunner.java:63)
	at org.junit.runners.ParentRunner.runChildren(ParentRunner.java:236)
	at org.junit.runners.ParentRunner.access$000(ParentRunner.java:53)
	at org.junit.runners.ParentRunner$2.evaluate(ParentRunner.java:229)
	at org.springframework.test.context.junit4.statements.RunBeforeTestClassCallbacks.evaluate(RunBeforeTestClassCallbacks.java:61)
	at org.springframework.test.context.junit4.statements.RunAfterTestClassCallbacks.evaluate(RunAfterTestClassCallbacks.java:71)
	at org.junit.runners.ParentRunner.run(ParentRunner.java:309)
	at org.springframework.test.context.junit4.SpringJUnit4ClassRunner.run(SpringJUnit4ClassRunner.java:174)
	at org.apache.maven.surefire.junit4.JUnit4Provider.execute(JUnit4Provider.java:236)
	at org.apache.maven.surefire.junit4.JUnit4Provider.executeTestSet(JUnit4Provider.java:134)
	at org.apache.maven.surefire.junit4.JUnit4Provider.invoke(JUnit4Provider.java:113)
	at sun.reflect.NativeMethodAccessorImpl.invoke0(Native Method)
	at sun.reflect.NativeMethodAccessorImpl.invoke(NativeMethodAccessorImpl.java:57)
	at sun.reflect.DelegatingMethodAccessorImpl.invoke(DelegatingMethodAccessorImpl.java:43)
	at java.lang.reflect.Method.invoke(Method.java:606)
	at org.apache.maven.surefire.util.ReflectionUtils.invokeMethodWithArray(ReflectionUtils.java:189)
	at org.apache.maven.surefire.booter.ProviderFactory$ProviderProxy.invoke(ProviderFactory.java:165)
	at org.apache.maven.surefire.booter.ProviderFactory.invokeProvider(ProviderFactory.java:85)
	at org.apache.maven.surefire.booter.ForkedBooter.runSuitesInProcess(ForkedBooter.java:103)
	at org.apache.maven.surefire.booter.ForkedBooter.main(ForkedBooter.java:74)
Caused by: javax.persistence.PersistenceException: org.hibernate.exception.SQLGrammarException: could not extract ResultSet
	at org.hibernate.jpa.spi.AbstractEntityManagerImpl.convert(AbstractEntityManagerImpl.java:1763)
	at org.hibernate.jpa.spi.AbstractEntityManagerImpl.convert(AbstractEntityManagerImpl.java:1677)
	at org.hibernate.jpa.internal.QueryImpl.getResultList(QueryImpl.java:458)
	... 46 more
Caused by: org.hibernate.exception.SQLGrammarException: could not extract ResultSet
	at org.hibernate.exception.internal.SQLStateConversionDelegate.convert(SQLStateConversionDelegate.java:123)
	at org.hibernate.exception.internal.StandardSQLExceptionConverter.convert(StandardSQLExceptionConverter.java:49)
	at org.hibernate.engine.jdbc.spi.SqlExceptionHelper.convert(SqlExceptionHelper.java:126)
	at org.hibernate.engine.jdbc.spi.SqlExceptionHelper.convert(SqlExceptionHelper.java:112)
	at org.hibernate.engine.jdbc.internal.ResultSetReturnImpl.extract(ResultSetReturnImpl.java:91)
	at org.hibernate.loader.Loader.getResultSet(Loader.java:2065)
	at org.hibernate.loader.Loader.executeQueryStatement(Loader.java:1862)
	at org.hibernate.loader.Loader.executeQueryStatement(Loader.java:1838)
	at org.hibernate.loader.Loader.doQuery(Loader.java:909)
	at org.hibernate.loader.Loader.doQueryAndInitializeNonLazyCollections(Loader.java:354)
	at org.hibernate.loader.Loader.doList(Loader.java:2553)
	at org.hibernate.loader.Loader.doList(Loader.java:2539)
	at org.hibernate.loader.Loader.listIgnoreQueryCache(Loader.java:2369)
	at org.hibernate.loader.Loader.list(Loader.java:2364)
	at org.hibernate.loader.hql.QueryLoader.list(QueryLoader.java:496)
	at org.hibernate.hql.internal.ast.QueryTranslatorImpl.list(QueryTranslatorImpl.java:387)
	at org.hibernate.engine.query.spi.HQLQueryPlan.performList(HQLQueryPlan.java:231)
	at org.hibernate.internal.SessionImpl.list(SessionImpl.java:1264)
	at org.hibernate.internal.QueryImpl.list(QueryImpl.java:103)
	at org.hibernate.jpa.internal.QueryImpl.list(QueryImpl.java:573)
	at org.hibernate.jpa.internal.QueryImpl.getResultList(QueryImpl.java:449)
	... 46 more
Caused by: java.sql.SQLException: Invalid column name &apos;valueOfPrice&apos;.
	at net.sourceforge.jtds.jdbc.SQLDiagnostic.addDiagnostic(SQLDiagnostic.java:368)
	at net.sourceforge.jtds.jdbc.TdsCore.tdsErrorToken(TdsCore.java:2820)
	at net.sourceforge.jtds.jdbc.TdsCore.nextToken(TdsCore.java:2258)
	at net.sourceforge.jtds.jdbc.TdsCore.getMoreResults(TdsCore.java:632)
	at net.sourceforge.jtds.jdbc.JtdsStatement.executeSQLQuery(JtdsStatement.java:477)
	at net.sourceforge.jtds.jdbc.JtdsPreparedStatement.executeQuery(JtdsPreparedStatement.java:778)
	at org.apache.commons.dbcp.DelegatingPreparedStatement.executeQuery(DelegatingPreparedStatement.java:96)
	at org.apache.commons.dbcp.DelegatingPreparedStatement.executeQuery(DelegatingPreparedStatement.java:96)
	at org.hibernate.engine.jdbc.internal.ResultSetReturnImpl.extract(ResultSetReturnImpl.java:82)
	... 62 more
</error>
    <system-out>2015-06-13 00:00:52,765 [main] ERROR org.hibernate.engine.jdbc.spi.SqlExceptionHelper - Invalid column name &apos;valueOfPrice&apos;.
</system-out>
  </testcase>
  <testcase time="0" classname="com.springsource.roo.reservetickets.domain.PriceIntegrationTest" name="testPersist">
    <error message="org.hibernate.exception.SQLGrammarException: could not extract ResultSet; nested exception is javax.persistence.PersistenceException: org.hibernate.exception.SQLGrammarException: could not extract ResultSet" type="org.springframework.orm.jpa.JpaSystemException">org.springframework.orm.jpa.JpaSystemException: org.hibernate.exception.SQLGrammarException: could not extract ResultSet; nested exception is javax.persistence.PersistenceException: org.hibernate.exception.SQLGrammarException: could not extract ResultSet
	at org.springframework.orm.jpa.EntityManagerFactoryUtils.convertJpaAccessExceptionIfPossible(EntityManagerFactoryUtils.java:321)
	at org.springframework.orm.jpa.aspectj.JpaExceptionTranslatorAspect.ajc$afterThrowing$org_springframework_orm_jpa_aspectj_JpaExceptionTranslatorAspect$1$18a1ac9(JpaExceptionTranslatorAspect.aj:33)
	at com.springsource.roo.reservetickets.domain.Price_Roo_Jpa_ActiveRecord.findPriceEntries_aroundBody10(Price_Roo_Jpa_ActiveRecord.aj:50)
	at com.springsource.roo.reservetickets.domain.Price_Roo_Jpa_ActiveRecord.ajc$interMethod$com_springsource_roo_reservetickets_domain_Price_Roo_Jpa_ActiveRecord$com_springsource_roo_reservetickets_domain_Price$findPriceEntries(Price_Roo_Jpa_ActiveRecord.aj:1)
	at com.springsource.roo.reservetickets.domain.Price.findPriceEntries(Price.java:1)
	at com.springsource.roo.reservetickets.domain.Price_Roo_Jpa_ActiveRecord.ajc$interMethodDispatch1$com_springsource_roo_reservetickets_domain_Price_Roo_Jpa_ActiveRecord$com_springsource_roo_reservetickets_domain_Price$findPriceEntries(Price_Roo_Jpa_ActiveRecord.aj)
	at com.springsource.roo.reservetickets.domain.PriceDataOnDemand_Roo_DataOnDemand.ajc$interMethod$com_springsource_roo_reservetickets_domain_PriceDataOnDemand_Roo_DataOnDemand$com_springsource_roo_reservetickets_domain_PriceDataOnDemand$init(PriceDataOnDemand_Roo_DataOnDemand.aj:77)
	at com.springsource.roo.reservetickets.domain.PriceDataOnDemand.init(PriceDataOnDemand.java:1)
	at com.springsource.roo.reservetickets.domain.PriceDataOnDemand_Roo_DataOnDemand.ajc$interMethodDispatch1$com_springsource_roo_reservetickets_domain_PriceDataOnDemand_Roo_DataOnDemand$com_springsource_roo_reservetickets_domain_PriceDataOnDemand$init(PriceDataOnDemand_Roo_DataOnDemand.aj)
	at com.springsource.roo.reservetickets.domain.PriceDataOnDemand_Roo_DataOnDemand.ajc$interMethod$com_springsource_roo_reservetickets_domain_PriceDataOnDemand_Roo_DataOnDemand$com_springsource_roo_reservetickets_domain_PriceDataOnDemand$getRandomPrice(PriceDataOnDemand_Roo_DataOnDemand.aj:64)
	at com.springsource.roo.reservetickets.domain.PriceDataOnDemand.getRandomPrice(PriceDataOnDemand.java:1)
	at com.springsource.roo.reservetickets.domain.PriceDataOnDemand_Roo_DataOnDemand.ajc$interMethodDispatch1$com_springsource_roo_reservetickets_domain_PriceDataOnDemand_Roo_DataOnDemand$com_springsource_roo_reservetickets_domain_PriceDataOnDemand$getRandomPrice(PriceDataOnDemand_Roo_DataOnDemand.aj)
	at com.springsource.roo.reservetickets.domain.PriceIntegrationTest_Roo_IntegrationTest.ajc$interMethod$com_springsource_roo_reservetickets_domain_PriceIntegrationTest_Roo_IntegrationTest$com_springsource_roo_reservetickets_domain_PriceIntegrationTest$testPersist(PriceIntegrationTest_Roo_IntegrationTest.aj:103)
	at com.springsource.roo.reservetickets.domain.PriceIntegrationTest.testPersist(PriceIntegrationTest.java:1)
	at sun.reflect.NativeMethodAccessorImpl.invoke0(Native Method)
	at sun.reflect.NativeMethodAccessorImpl.invoke(NativeMethodAccessorImpl.java:57)
	at sun.reflect.DelegatingMethodAccessorImpl.invoke(DelegatingMethodAccessorImpl.java:43)
	at java.lang.reflect.Method.invoke(Method.java:606)
	at org.junit.runners.model.FrameworkMethod$1.runReflectiveCall(FrameworkMethod.java:47)
	at org.junit.internal.runners.model.ReflectiveCallable.run(ReflectiveCallable.java:12)
	at org.junit.runners.model.FrameworkMethod.invokeExplosively(FrameworkMethod.java:44)
	at org.junit.internal.runners.statements.InvokeMethod.evaluate(InvokeMethod.java:17)
	at org.springframework.test.context.junit4.statements.RunBeforeTestMethodCallbacks.evaluate(RunBeforeTestMethodCallbacks.java:74)
	at org.springframework.test.context.junit4.statements.RunAfterTestMethodCallbacks.evaluate(RunAfterTestMethodCallbacks.java:83)
	at org.springframework.test.context.junit4.statements.SpringRepeat.evaluate(SpringRepeat.java:72)
	at org.springframework.test.context.junit4.SpringJUnit4ClassRunner.runChild(SpringJUnit4ClassRunner.java:231)
	at org.springframework.test.context.junit4.SpringJUnit4ClassRunner.runChild(SpringJUnit4ClassRunner.java:88)
	at org.junit.runners.ParentRunner$3.run(ParentRunner.java:238)
	at org.junit.runners.ParentRunner$1.schedule(ParentRunner.java:63)
	at org.junit.runners.ParentRunner.runChildren(ParentRunner.java:236)
	at org.junit.runners.ParentRunner.access$000(ParentRunner.java:53)
	at org.junit.runners.ParentRunner$2.evaluate(ParentRunner.java:229)
	at org.springframework.test.context.junit4.statements.RunBeforeTestClassCallbacks.evaluate(RunBeforeTestClassCallbacks.java:61)
	at org.springframework.test.context.junit4.statements.RunAfterTestClassCallbacks.evaluate(RunAfterTestClassCallbacks.java:71)
	at org.junit.runners.ParentRunner.run(ParentRunner.java:309)
	at org.springframework.test.context.junit4.SpringJUnit4ClassRunner.run(SpringJUnit4ClassRunner.java:174)
	at org.apache.maven.surefire.junit4.JUnit4Provider.execute(JUnit4Provider.java:236)
	at org.apache.maven.surefire.junit4.JUnit4Provider.executeTestSet(JUnit4Provider.java:134)
	at org.apache.maven.surefire.junit4.JUnit4Provider.invoke(JUnit4Provider.java:113)
	at sun.reflect.NativeMethodAccessorImpl.invoke0(Native Method)
	at sun.reflect.NativeMethodAccessorImpl.invoke(NativeMethodAccessorImpl.java:57)
	at sun.reflect.DelegatingMethodAccessorImpl.invoke(DelegatingMethodAccessorImpl.java:43)
	at java.lang.reflect.Method.invoke(Method.java:606)
	at org.apache.maven.surefire.util.ReflectionUtils.invokeMethodWithArray(ReflectionUtils.java:189)
	at org.apache.maven.surefire.booter.ProviderFactory$ProviderProxy.invoke(ProviderFactory.java:165)
	at org.apache.maven.surefire.booter.ProviderFactory.invokeProvider(ProviderFactory.java:85)
	at org.apache.maven.surefire.booter.ForkedBooter.runSuitesInProcess(ForkedBooter.java:103)
	at org.apache.maven.surefire.booter.ForkedBooter.main(ForkedBooter.java:74)
Caused by: javax.persistence.PersistenceException: org.hibernate.exception.SQLGrammarException: could not extract ResultSet
	at org.hibernate.jpa.spi.AbstractEntityManagerImpl.convert(AbstractEntityManagerImpl.java:1763)
	at org.hibernate.jpa.spi.AbstractEntityManagerImpl.convert(AbstractEntityManagerImpl.java:1677)
	at org.hibernate.jpa.internal.QueryImpl.getResultList(QueryImpl.java:458)
	... 46 more
Caused by: org.hibernate.exception.SQLGrammarException: could not extract ResultSet
	at org.hibernate.exception.internal.SQLStateConversionDelegate.convert(SQLStateConversionDelegate.java:123)
	at org.hibernate.exception.internal.StandardSQLExceptionConverter.convert(StandardSQLExceptionConverter.java:49)
	at org.hibernate.engine.jdbc.spi.SqlExceptionHelper.convert(SqlExceptionHelper.java:126)
	at org.hibernate.engine.jdbc.spi.SqlExceptionHelper.convert(SqlExceptionHelper.java:112)
	at org.hibernate.engine.jdbc.internal.ResultSetReturnImpl.extract(ResultSetReturnImpl.java:91)
	at org.hibernate.loader.Loader.getResultSet(Loader.java:2065)
	at org.hibernate.loader.Loader.executeQueryStatement(Loader.java:1862)
	at org.hibernate.loader.Loader.executeQueryStatement(Loader.java:1838)
	at org.hibernate.loader.Loader.doQuery(Loader.java:909)
	at org.hibernate.loader.Loader.doQueryAndInitializeNonLazyCollections(Loader.java:354)
	at org.hibernate.loader.Loader.doList(Loader.java:2553)
	at org.hibernate.loader.Loader.doList(Loader.java:2539)
	at org.hibernate.loader.Loader.listIgnoreQueryCache(Loader.java:2369)
	at org.hibernate.loader.Loader.list(Loader.java:2364)
	at org.hibernate.loader.hql.QueryLoader.list(QueryLoader.java:496)
	at org.hibernate.hql.internal.ast.QueryTranslatorImpl.list(QueryTranslatorImpl.java:387)
	at org.hibernate.engine.query.spi.HQLQueryPlan.performList(HQLQueryPlan.java:231)
	at org.hibernate.internal.SessionImpl.list(SessionImpl.java:1264)
	at org.hibernate.internal.QueryImpl.list(QueryImpl.java:103)
	at org.hibernate.jpa.internal.QueryImpl.list(QueryImpl.java:573)
	at org.hibernate.jpa.internal.QueryImpl.getResultList(QueryImpl.java:449)
	... 46 more
Caused by: java.sql.SQLException: Invalid column name &apos;valueOfPrice&apos;.
	at net.sourceforge.jtds.jdbc.SQLDiagnostic.addDiagnostic(SQLDiagnostic.java:368)
	at net.sourceforge.jtds.jdbc.TdsCore.tdsErrorToken(TdsCore.java:2820)
	at net.sourceforge.jtds.jdbc.TdsCore.nextToken(TdsCore.java:2258)
	at net.sourceforge.jtds.jdbc.TdsCore.getMoreResults(TdsCore.java:632)
	at net.sourceforge.jtds.jdbc.JtdsStatement.executeSQLQuery(JtdsStatement.java:477)
	at net.sourceforge.jtds.jdbc.JtdsPreparedStatement.executeQuery(JtdsPreparedStatement.java:778)
	at org.apache.commons.dbcp.DelegatingPreparedStatement.executeQuery(DelegatingPreparedStatement.java:96)
	at org.apache.commons.dbcp.DelegatingPreparedStatement.executeQuery(DelegatingPreparedStatement.java:96)
	at org.hibernate.engine.jdbc.internal.ResultSetReturnImpl.extract(ResultSetReturnImpl.java:82)
	... 62 more
</error>
    <system-out>2015-06-13 00:00:52,765 [main] ERROR org.hibernate.engine.jdbc.spi.SqlExceptionHelper - Invalid column name &apos;valueOfPrice&apos;.
</system-out>
  </testcase>
  <testcase time="0.016" classname="com.springsource.roo.reservetickets.domain.PriceIntegrationTest" name="testMarkerMethod"/>
  <testcase time="0" classname="com.springsource.roo.reservetickets.domain.PriceIntegrationTest" name="testMergeUpdate">
    <error message="org.hibernate.exception.SQLGrammarException: could not extract ResultSet; nested exception is javax.persistence.PersistenceException: org.hibernate.exception.SQLGrammarException: could not extract ResultSet" type="org.springframework.orm.jpa.JpaSystemException">org.springframework.orm.jpa.JpaSystemException: org.hibernate.exception.SQLGrammarException: could not extract ResultSet; nested exception is javax.persistence.PersistenceException: org.hibernate.exception.SQLGrammarException: could not extract ResultSet
	at org.springframework.orm.jpa.EntityManagerFactoryUtils.convertJpaAccessExceptionIfPossible(EntityManagerFactoryUtils.java:321)
	at org.springframework.orm.jpa.aspectj.JpaExceptionTranslatorAspect.ajc$afterThrowing$org_springframework_orm_jpa_aspectj_JpaExceptionTranslatorAspect$1$18a1ac9(JpaExceptionTranslatorAspect.aj:33)
	at com.springsource.roo.reservetickets.domain.Price_Roo_Jpa_ActiveRecord.findPriceEntries_aroundBody10(Price_Roo_Jpa_ActiveRecord.aj:50)
	at com.springsource.roo.reservetickets.domain.Price_Roo_Jpa_ActiveRecord.ajc$interMethod$com_springsource_roo_reservetickets_domain_Price_Roo_Jpa_ActiveRecord$com_springsource_roo_reservetickets_domain_Price$findPriceEntries(Price_Roo_Jpa_ActiveRecord.aj:1)
	at com.springsource.roo.reservetickets.domain.Price.findPriceEntries(Price.java:1)
	at com.springsource.roo.reservetickets.domain.Price_Roo_Jpa_ActiveRecord.ajc$interMethodDispatch1$com_springsource_roo_reservetickets_domain_Price_Roo_Jpa_ActiveRecord$com_springsource_roo_reservetickets_domain_Price$findPriceEntries(Price_Roo_Jpa_ActiveRecord.aj)
	at com.springsource.roo.reservetickets.domain.PriceDataOnDemand_Roo_DataOnDemand.ajc$interMethod$com_springsource_roo_reservetickets_domain_PriceDataOnDemand_Roo_DataOnDemand$com_springsource_roo_reservetickets_domain_PriceDataOnDemand$init(PriceDataOnDemand_Roo_DataOnDemand.aj:77)
	at com.springsource.roo.reservetickets.domain.PriceDataOnDemand.init(PriceDataOnDemand.java:1)
	at com.springsource.roo.reservetickets.domain.PriceDataOnDemand_Roo_DataOnDemand.ajc$interMethodDispatch1$com_springsource_roo_reservetickets_domain_PriceDataOnDemand_Roo_DataOnDemand$com_springsource_roo_reservetickets_domain_PriceDataOnDemand$init(PriceDataOnDemand_Roo_DataOnDemand.aj)
	at com.springsource.roo.reservetickets.domain.PriceDataOnDemand_Roo_DataOnDemand.ajc$interMethod$com_springsource_roo_reservetickets_domain_PriceDataOnDemand_Roo_DataOnDemand$com_springsource_roo_reservetickets_domain_PriceDataOnDemand$getRandomPrice(PriceDataOnDemand_Roo_DataOnDemand.aj:64)
	at com.springsource.roo.reservetickets.domain.PriceDataOnDemand.getRandomPrice(PriceDataOnDemand.java:1)
	at com.springsource.roo.reservetickets.domain.PriceDataOnDemand_Roo_DataOnDemand.ajc$interMethodDispatch1$com_springsource_roo_reservetickets_domain_PriceDataOnDemand_Roo_DataOnDemand$com_springsource_roo_reservetickets_domain_PriceDataOnDemand$getRandomPrice(PriceDataOnDemand_Roo_DataOnDemand.aj)
	at com.springsource.roo.reservetickets.domain.PriceIntegrationTest_Roo_IntegrationTest.ajc$interMethod$com_springsource_roo_reservetickets_domain_PriceIntegrationTest_Roo_IntegrationTest$com_springsource_roo_reservetickets_domain_PriceIntegrationTest$testMergeUpdate(PriceIntegrationTest_Roo_IntegrationTest.aj:88)
	at com.springsource.roo.reservetickets.domain.PriceIntegrationTest.testMergeUpdate(PriceIntegrationTest.java:1)
	at sun.reflect.NativeMethodAccessorImpl.invoke0(Native Method)
	at sun.reflect.NativeMethodAccessorImpl.invoke(NativeMethodAccessorImpl.java:57)
	at sun.reflect.DelegatingMethodAccessorImpl.invoke(DelegatingMethodAccessorImpl.java:43)
	at java.lang.reflect.Method.invoke(Method.java:606)
	at org.junit.runners.model.FrameworkMethod$1.runReflectiveCall(FrameworkMethod.java:47)
	at org.junit.internal.runners.model.ReflectiveCallable.run(ReflectiveCallable.java:12)
	at org.junit.runners.model.FrameworkMethod.invokeExplosively(FrameworkMethod.java:44)
	at org.junit.internal.runners.statements.InvokeMethod.evaluate(InvokeMethod.java:17)
	at org.springframework.test.context.junit4.statements.RunBeforeTestMethodCallbacks.evaluate(RunBeforeTestMethodCallbacks.java:74)
	at org.springframework.test.context.junit4.statements.RunAfterTestMethodCallbacks.evaluate(RunAfterTestMethodCallbacks.java:83)
	at org.springframework.test.context.junit4.statements.SpringRepeat.evaluate(SpringRepeat.java:72)
	at org.springframework.test.context.junit4.SpringJUnit4ClassRunner.runChild(SpringJUnit4ClassRunner.java:231)
	at org.springframework.test.context.junit4.SpringJUnit4ClassRunner.runChild(SpringJUnit4ClassRunner.java:88)
	at org.junit.runners.ParentRunner$3.run(ParentRunner.java:238)
	at org.junit.runners.ParentRunner$1.schedule(ParentRunner.java:63)
	at org.junit.runners.ParentRunner.runChildren(ParentRunner.java:236)
	at org.junit.runners.ParentRunner.access$000(ParentRunner.java:53)
	at org.junit.runners.ParentRunner$2.evaluate(ParentRunner.java:229)
	at org.springframework.test.context.junit4.statements.RunBeforeTestClassCallbacks.evaluate(RunBeforeTestClassCallbacks.java:61)
	at org.springframework.test.context.junit4.statements.RunAfterTestClassCallbacks.evaluate(RunAfterTestClassCallbacks.java:71)
	at org.junit.runners.ParentRunner.run(ParentRunner.java:309)
	at org.springframework.test.context.junit4.SpringJUnit4ClassRunner.run(SpringJUnit4ClassRunner.java:174)
	at org.apache.maven.surefire.junit4.JUnit4Provider.execute(JUnit4Provider.java:236)
	at org.apache.maven.surefire.junit4.JUnit4Provider.executeTestSet(JUnit4Provider.java:134)
	at org.apache.maven.surefire.junit4.JUnit4Provider.invoke(JUnit4Provider.java:113)
	at sun.reflect.NativeMethodAccessorImpl.invoke0(Native Method)
	at sun.reflect.NativeMethodAccessorImpl.invoke(NativeMethodAccessorImpl.java:57)
	at sun.reflect.DelegatingMethodAccessorImpl.invoke(DelegatingMethodAccessorImpl.java:43)
	at java.lang.reflect.Method.invoke(Method.java:606)
	at org.apache.maven.surefire.util.ReflectionUtils.invokeMethodWithArray(ReflectionUtils.java:189)
	at org.apache.maven.surefire.booter.ProviderFactory$ProviderProxy.invoke(ProviderFactory.java:165)
	at org.apache.maven.surefire.booter.ProviderFactory.invokeProvider(ProviderFactory.java:85)
	at org.apache.maven.surefire.booter.ForkedBooter.runSuitesInProcess(ForkedBooter.java:103)
	at org.apache.maven.surefire.booter.ForkedBooter.main(ForkedBooter.java:74)
Caused by: javax.persistence.PersistenceException: org.hibernate.exception.SQLGrammarException: could not extract ResultSet
	at org.hibernate.jpa.spi.AbstractEntityManagerImpl.convert(AbstractEntityManagerImpl.java:1763)
	at org.hibernate.jpa.spi.AbstractEntityManagerImpl.convert(AbstractEntityManagerImpl.java:1677)
	at org.hibernate.jpa.internal.QueryImpl.getResultList(QueryImpl.java:458)
	... 46 more
Caused by: org.hibernate.exception.SQLGrammarException: could not extract ResultSet
	at org.hibernate.exception.internal.SQLStateConversionDelegate.convert(SQLStateConversionDelegate.java:123)
	at org.hibernate.exception.internal.StandardSQLExceptionConverter.convert(StandardSQLExceptionConverter.java:49)
	at org.hibernate.engine.jdbc.spi.SqlExceptionHelper.convert(SqlExceptionHelper.java:126)
	at org.hibernate.engine.jdbc.spi.SqlExceptionHelper.convert(SqlExceptionHelper.java:112)
	at org.hibernate.engine.jdbc.internal.ResultSetReturnImpl.extract(ResultSetReturnImpl.java:91)
	at org.hibernate.loader.Loader.getResultSet(Loader.java:2065)
	at org.hibernate.loader.Loader.executeQueryStatement(Loader.java:1862)
	at org.hibernate.loader.Loader.executeQueryStatement(Loader.java:1838)
	at org.hibernate.loader.Loader.doQuery(Loader.java:909)
	at org.hibernate.loader.Loader.doQueryAndInitializeNonLazyCollections(Loader.java:354)
	at org.hibernate.loader.Loader.doList(Loader.java:2553)
	at org.hibernate.loader.Loader.doList(Loader.java:2539)
	at org.hibernate.loader.Loader.listIgnoreQueryCache(Loader.java:2369)
	at org.hibernate.loader.Loader.list(Loader.java:2364)
	at org.hibernate.loader.hql.QueryLoader.list(QueryLoader.java:496)
	at org.hibernate.hql.internal.ast.QueryTranslatorImpl.list(QueryTranslatorImpl.java:387)
	at org.hibernate.engine.query.spi.HQLQueryPlan.performList(HQLQueryPlan.java:231)
	at org.hibernate.internal.SessionImpl.list(SessionImpl.java:1264)
	at org.hibernate.internal.QueryImpl.list(QueryImpl.java:103)
	at org.hibernate.jpa.internal.QueryImpl.list(QueryImpl.java:573)
	at org.hibernate.jpa.internal.QueryImpl.getResultList(QueryImpl.java:449)
	... 46 more
Caused by: java.sql.SQLException: Invalid column name &apos;valueOfPrice&apos;.
	at net.sourceforge.jtds.jdbc.SQLDiagnostic.addDiagnostic(SQLDiagnostic.java:368)
	at net.sourceforge.jtds.jdbc.TdsCore.tdsErrorToken(TdsCore.java:2820)
	at net.sourceforge.jtds.jdbc.TdsCore.nextToken(TdsCore.java:2258)
	at net.sourceforge.jtds.jdbc.TdsCore.getMoreResults(TdsCore.java:632)
	at net.sourceforge.jtds.jdbc.JtdsStatement.executeSQLQuery(JtdsStatement.java:477)
	at net.sourceforge.jtds.jdbc.JtdsPreparedStatement.executeQuery(JtdsPreparedStatement.java:778)
	at org.apache.commons.dbcp.DelegatingPreparedStatement.executeQuery(DelegatingPreparedStatement.java:96)
	at org.apache.commons.dbcp.DelegatingPreparedStatement.executeQuery(DelegatingPreparedStatement.java:96)
	at org.hibernate.engine.jdbc.internal.ResultSetReturnImpl.extract(ResultSetReturnImpl.java:82)
	... 62 more
</error>
    <system-out>2015-06-13 00:00:52,781 [main] ERROR org.hibernate.engine.jdbc.spi.SqlExceptionHelper - Invalid column name &apos;valueOfPrice&apos;.
</system-out>
  </testcase>
  <testcase time="0" classname="com.springsource.roo.reservetickets.domain.PriceIntegrationTest" name="testFindPriceEntries">
    <error message="org.hibernate.exception.SQLGrammarException: could not extract ResultSet; nested exception is javax.persistence.PersistenceException: org.hibernate.exception.SQLGrammarException: could not extract ResultSet" type="org.springframework.orm.jpa.JpaSystemException">org.springframework.orm.jpa.JpaSystemException: org.hibernate.exception.SQLGrammarException: could not extract ResultSet; nested exception is javax.persistence.PersistenceException: org.hibernate.exception.SQLGrammarException: could not extract ResultSet
	at org.springframework.orm.jpa.EntityManagerFactoryUtils.convertJpaAccessExceptionIfPossible(EntityManagerFactoryUtils.java:321)
	at org.springframework.orm.jpa.aspectj.JpaExceptionTranslatorAspect.ajc$afterThrowing$org_springframework_orm_jpa_aspectj_JpaExceptionTranslatorAspect$1$18a1ac9(JpaExceptionTranslatorAspect.aj:33)
	at com.springsource.roo.reservetickets.domain.Price_Roo_Jpa_ActiveRecord.findPriceEntries_aroundBody10(Price_Roo_Jpa_ActiveRecord.aj:50)
	at com.springsource.roo.reservetickets.domain.Price_Roo_Jpa_ActiveRecord.ajc$interMethod$com_springsource_roo_reservetickets_domain_Price_Roo_Jpa_ActiveRecord$com_springsource_roo_reservetickets_domain_Price$findPriceEntries(Price_Roo_Jpa_ActiveRecord.aj:1)
	at com.springsource.roo.reservetickets.domain.Price.findPriceEntries(Price.java:1)
	at com.springsource.roo.reservetickets.domain.Price_Roo_Jpa_ActiveRecord.ajc$interMethodDispatch1$com_springsource_roo_reservetickets_domain_Price_Roo_Jpa_ActiveRecord$com_springsource_roo_reservetickets_domain_Price$findPriceEntries(Price_Roo_Jpa_ActiveRecord.aj)
	at com.springsource.roo.reservetickets.domain.PriceDataOnDemand_Roo_DataOnDemand.ajc$interMethod$com_springsource_roo_reservetickets_domain_PriceDataOnDemand_Roo_DataOnDemand$com_springsource_roo_reservetickets_domain_PriceDataOnDemand$init(PriceDataOnDemand_Roo_DataOnDemand.aj:77)
	at com.springsource.roo.reservetickets.domain.PriceDataOnDemand.init(PriceDataOnDemand.java:1)
	at com.springsource.roo.reservetickets.domain.PriceDataOnDemand_Roo_DataOnDemand.ajc$interMethodDispatch1$com_springsource_roo_reservetickets_domain_PriceDataOnDemand_Roo_DataOnDemand$com_springsource_roo_reservetickets_domain_PriceDataOnDemand$init(PriceDataOnDemand_Roo_DataOnDemand.aj)
	at com.springsource.roo.reservetickets.domain.PriceDataOnDemand_Roo_DataOnDemand.ajc$interMethod$com_springsource_roo_reservetickets_domain_PriceDataOnDemand_Roo_DataOnDemand$com_springsource_roo_reservetickets_domain_PriceDataOnDemand$getRandomPrice(PriceDataOnDemand_Roo_DataOnDemand.aj:64)
	at com.springsource.roo.reservetickets.domain.PriceDataOnDemand.getRandomPrice(PriceDataOnDemand.java:1)
	at com.springsource.roo.reservetickets.domain.PriceDataOnDemand_Roo_DataOnDemand.ajc$interMethodDispatch1$com_springsource_roo_reservetickets_domain_PriceDataOnDemand_Roo_DataOnDemand$com_springsource_roo_reservetickets_domain_PriceDataOnDemand$getRandomPrice(PriceDataOnDemand_Roo_DataOnDemand.aj)
	at com.springsource.roo.reservetickets.domain.PriceIntegrationTest_Roo_IntegrationTest.ajc$interMethod$com_springsource_roo_reservetickets_domain_PriceIntegrationTest_Roo_IntegrationTest$com_springsource_roo_reservetickets_domain_PriceIntegrationTest$testFindPriceEntries(PriceIntegrationTest_Roo_IntegrationTest.aj:62)
	at com.springsource.roo.reservetickets.domain.PriceIntegrationTest.testFindPriceEntries(PriceIntegrationTest.java:1)
	at sun.reflect.NativeMethodAccessorImpl.invoke0(Native Method)
	at sun.reflect.NativeMethodAccessorImpl.invoke(NativeMethodAccessorImpl.java:57)
	at sun.reflect.DelegatingMethodAccessorImpl.invoke(DelegatingMethodAccessorImpl.java:43)
	at java.lang.reflect.Method.invoke(Method.java:606)
	at org.junit.runners.model.FrameworkMethod$1.runReflectiveCall(FrameworkMethod.java:47)
	at org.junit.internal.runners.model.ReflectiveCallable.run(ReflectiveCallable.java:12)
	at org.junit.runners.model.FrameworkMethod.invokeExplosively(FrameworkMethod.java:44)
	at org.junit.internal.runners.statements.InvokeMethod.evaluate(InvokeMethod.java:17)
	at org.springframework.test.context.junit4.statements.RunBeforeTestMethodCallbacks.evaluate(RunBeforeTestMethodCallbacks.java:74)
	at org.springframework.test.context.junit4.statements.RunAfterTestMethodCallbacks.evaluate(RunAfterTestMethodCallbacks.java:83)
	at org.springframework.test.context.junit4.statements.SpringRepeat.evaluate(SpringRepeat.java:72)
	at org.springframework.test.context.junit4.SpringJUnit4ClassRunner.runChild(SpringJUnit4ClassRunner.java:231)
	at org.springframework.test.context.junit4.SpringJUnit4ClassRunner.runChild(SpringJUnit4ClassRunner.java:88)
	at org.junit.runners.ParentRunner$3.run(ParentRunner.java:238)
	at org.junit.runners.ParentRunner$1.schedule(ParentRunner.java:63)
	at org.junit.runners.ParentRunner.runChildren(ParentRunner.java:236)
	at org.junit.runners.ParentRunner.access$000(ParentRunner.java:53)
	at org.junit.runners.ParentRunner$2.evaluate(ParentRunner.java:229)
	at org.springframework.test.context.junit4.statements.RunBeforeTestClassCallbacks.evaluate(RunBeforeTestClassCallbacks.java:61)
	at org.springframework.test.context.junit4.statements.RunAfterTestClassCallbacks.evaluate(RunAfterTestClassCallbacks.java:71)
	at org.junit.runners.ParentRunner.run(ParentRunner.java:309)
	at org.springframework.test.context.junit4.SpringJUnit4ClassRunner.run(SpringJUnit4ClassRunner.java:174)
	at org.apache.maven.surefire.junit4.JUnit4Provider.execute(JUnit4Provider.java:236)
	at org.apache.maven.surefire.junit4.JUnit4Provider.executeTestSet(JUnit4Provider.java:134)
	at org.apache.maven.surefire.junit4.JUnit4Provider.invoke(JUnit4Provider.java:113)
	at sun.reflect.NativeMethodAccessorImpl.invoke0(Native Method)
	at sun.reflect.NativeMethodAccessorImpl.invoke(NativeMethodAccessorImpl.java:57)
	at sun.reflect.DelegatingMethodAccessorImpl.invoke(DelegatingMethodAccessorImpl.java:43)
	at java.lang.reflect.Method.invoke(Method.java:606)
	at org.apache.maven.surefire.util.ReflectionUtils.invokeMethodWithArray(ReflectionUtils.java:189)
	at org.apache.maven.surefire.booter.ProviderFactory$ProviderProxy.invoke(ProviderFactory.java:165)
	at org.apache.maven.surefire.booter.ProviderFactory.invokeProvider(ProviderFactory.java:85)
	at org.apache.maven.surefire.booter.ForkedBooter.runSuitesInProcess(ForkedBooter.java:103)
	at org.apache.maven.surefire.booter.ForkedBooter.main(ForkedBooter.java:74)
Caused by: javax.persistence.PersistenceException: org.hibernate.exception.SQLGrammarException: could not extract ResultSet
	at org.hibernate.jpa.spi.AbstractEntityManagerImpl.convert(AbstractEntityManagerImpl.java:1763)
	at org.hibernate.jpa.spi.AbstractEntityManagerImpl.convert(AbstractEntityManagerImpl.java:1677)
	at org.hibernate.jpa.internal.QueryImpl.getResultList(QueryImpl.java:458)
	... 46 more
Caused by: org.hibernate.exception.SQLGrammarException: could not extract ResultSet
	at org.hibernate.exception.internal.SQLStateConversionDelegate.convert(SQLStateConversionDelegate.java:123)
	at org.hibernate.exception.internal.StandardSQLExceptionConverter.convert(StandardSQLExceptionConverter.java:49)
	at org.hibernate.engine.jdbc.spi.SqlExceptionHelper.convert(SqlExceptionHelper.java:126)
	at org.hibernate.engine.jdbc.spi.SqlExceptionHelper.convert(SqlExceptionHelper.java:112)
	at org.hibernate.engine.jdbc.internal.ResultSetReturnImpl.extract(ResultSetReturnImpl.java:91)
	at org.hibernate.loader.Loader.getResultSet(Loader.java:2065)
	at org.hibernate.loader.Loader.executeQueryStatement(Loader.java:1862)
	at org.hibernate.loader.Loader.executeQueryStatement(Loader.java:1838)
	at org.hibernate.loader.Loader.doQuery(Loader.java:909)
	at org.hibernate.loader.Loader.doQueryAndInitializeNonLazyCollections(Loader.java:354)
	at org.hibernate.loader.Loader.doList(Loader.java:2553)
	at org.hibernate.loader.Loader.doList(Loader.java:2539)
	at org.hibernate.loader.Loader.listIgnoreQueryCache(Loader.java:2369)
	at org.hibernate.loader.Loader.list(Loader.java:2364)
	at org.hibernate.loader.hql.QueryLoader.list(QueryLoader.java:496)
	at org.hibernate.hql.internal.ast.QueryTranslatorImpl.list(QueryTranslatorImpl.java:387)
	at org.hibernate.engine.query.spi.HQLQueryPlan.performList(HQLQueryPlan.java:231)
	at org.hibernate.internal.SessionImpl.list(SessionImpl.java:1264)
	at org.hibernate.internal.QueryImpl.list(QueryImpl.java:103)
	at org.hibernate.jpa.internal.QueryImpl.list(QueryImpl.java:573)
	at org.hibernate.jpa.internal.QueryImpl.getResultList(QueryImpl.java:449)
	... 46 more
Caused by: java.sql.SQLException: Invalid column name &apos;valueOfPrice&apos;.
	at net.sourceforge.jtds.jdbc.SQLDiagnostic.addDiagnostic(SQLDiagnostic.java:368)
	at net.sourceforge.jtds.jdbc.TdsCore.tdsErrorToken(TdsCore.java:2820)
	at net.sourceforge.jtds.jdbc.TdsCore.nextToken(TdsCore.java:2258)
	at net.sourceforge.jtds.jdbc.TdsCore.getMoreResults(TdsCore.java:632)
	at net.sourceforge.jtds.jdbc.JtdsStatement.executeSQLQuery(JtdsStatement.java:477)
	at net.sourceforge.jtds.jdbc.JtdsPreparedStatement.executeQuery(JtdsPreparedStatement.java:778)
	at org.apache.commons.dbcp.DelegatingPreparedStatement.executeQuery(DelegatingPreparedStatement.java:96)
	at org.apache.commons.dbcp.DelegatingPreparedStatement.executeQuery(DelegatingPreparedStatement.java:96)
	at org.hibernate.engine.jdbc.internal.ResultSetReturnImpl.extract(ResultSetReturnImpl.java:82)
	... 62 more
</error>
    <system-out>2015-06-13 00:00:52,781 [main] ERROR org.hibernate.engine.jdbc.spi.SqlExceptionHelper - Invalid column name &apos;valueOfPrice&apos;.
</system-out>
  </testcase>
  <testcase time="0" classname="com.springsource.roo.reservetickets.domain.PriceIntegrationTest" name="testFindPrice">
    <error message="org.hibernate.exception.SQLGrammarException: could not extract ResultSet; nested exception is javax.persistence.PersistenceException: org.hibernate.exception.SQLGrammarException: could not extract ResultSet" type="org.springframework.orm.jpa.JpaSystemException">org.springframework.orm.jpa.JpaSystemException: org.hibernate.exception.SQLGrammarException: could not extract ResultSet; nested exception is javax.persistence.PersistenceException: org.hibernate.exception.SQLGrammarException: could not extract ResultSet
	at org.springframework.orm.jpa.EntityManagerFactoryUtils.convertJpaAccessExceptionIfPossible(EntityManagerFactoryUtils.java:321)
	at org.springframework.orm.jpa.aspectj.JpaExceptionTranslatorAspect.ajc$afterThrowing$org_springframework_orm_jpa_aspectj_JpaExceptionTranslatorAspect$1$18a1ac9(JpaExceptionTranslatorAspect.aj:33)
	at com.springsource.roo.reservetickets.domain.Price_Roo_Jpa_ActiveRecord.findPriceEntries_aroundBody10(Price_Roo_Jpa_ActiveRecord.aj:50)
	at com.springsource.roo.reservetickets.domain.Price_Roo_Jpa_ActiveRecord.ajc$interMethod$com_springsource_roo_reservetickets_domain_Price_Roo_Jpa_ActiveRecord$com_springsource_roo_reservetickets_domain_Price$findPriceEntries(Price_Roo_Jpa_ActiveRecord.aj:1)
	at com.springsource.roo.reservetickets.domain.Price.findPriceEntries(Price.java:1)
	at com.springsource.roo.reservetickets.domain.Price_Roo_Jpa_ActiveRecord.ajc$interMethodDispatch1$com_springsource_roo_reservetickets_domain_Price_Roo_Jpa_ActiveRecord$com_springsource_roo_reservetickets_domain_Price$findPriceEntries(Price_Roo_Jpa_ActiveRecord.aj)
	at com.springsource.roo.reservetickets.domain.PriceDataOnDemand_Roo_DataOnDemand.ajc$interMethod$com_springsource_roo_reservetickets_domain_PriceDataOnDemand_Roo_DataOnDemand$com_springsource_roo_reservetickets_domain_PriceDataOnDemand$init(PriceDataOnDemand_Roo_DataOnDemand.aj:77)
	at com.springsource.roo.reservetickets.domain.PriceDataOnDemand.init(PriceDataOnDemand.java:1)
	at com.springsource.roo.reservetickets.domain.PriceDataOnDemand_Roo_DataOnDemand.ajc$interMethodDispatch1$com_springsource_roo_reservetickets_domain_PriceDataOnDemand_Roo_DataOnDemand$com_springsource_roo_reservetickets_domain_PriceDataOnDemand$init(PriceDataOnDemand_Roo_DataOnDemand.aj)
	at com.springsource.roo.reservetickets.domain.PriceDataOnDemand_Roo_DataOnDemand.ajc$interMethod$com_springsource_roo_reservetickets_domain_PriceDataOnDemand_Roo_DataOnDemand$com_springsource_roo_reservetickets_domain_PriceDataOnDemand$getRandomPrice(PriceDataOnDemand_Roo_DataOnDemand.aj:64)
	at com.springsource.roo.reservetickets.domain.PriceDataOnDemand.getRandomPrice(PriceDataOnDemand.java:1)
	at com.springsource.roo.reservetickets.domain.PriceDataOnDemand_Roo_DataOnDemand.ajc$interMethodDispatch1$com_springsource_roo_reservetickets_domain_PriceDataOnDemand_Roo_DataOnDemand$com_springsource_roo_reservetickets_domain_PriceDataOnDemand$getRandomPrice(PriceDataOnDemand_Roo_DataOnDemand.aj)
	at com.springsource.roo.reservetickets.domain.PriceIntegrationTest_Roo_IntegrationTest.ajc$interMethod$com_springsource_roo_reservetickets_domain_PriceIntegrationTest_Roo_IntegrationTest$com_springsource_roo_reservetickets_domain_PriceIntegrationTest$testFindPrice(PriceIntegrationTest_Roo_IntegrationTest.aj:41)
	at com.springsource.roo.reservetickets.domain.PriceIntegrationTest.testFindPrice(PriceIntegrationTest.java:1)
	at sun.reflect.NativeMethodAccessorImpl.invoke0(Native Method)
	at sun.reflect.NativeMethodAccessorImpl.invoke(NativeMethodAccessorImpl.java:57)
	at sun.reflect.DelegatingMethodAccessorImpl.invoke(DelegatingMethodAccessorImpl.java:43)
	at java.lang.reflect.Method.invoke(Method.java:606)
	at org.junit.runners.model.FrameworkMethod$1.runReflectiveCall(FrameworkMethod.java:47)
	at org.junit.internal.runners.model.ReflectiveCallable.run(ReflectiveCallable.java:12)
	at org.junit.runners.model.FrameworkMethod.invokeExplosively(FrameworkMethod.java:44)
	at org.junit.internal.runners.statements.InvokeMethod.evaluate(InvokeMethod.java:17)
	at org.springframework.test.context.junit4.statements.RunBeforeTestMethodCallbacks.evaluate(RunBeforeTestMethodCallbacks.java:74)
	at org.springframework.test.context.junit4.statements.RunAfterTestMethodCallbacks.evaluate(RunAfterTestMethodCallbacks.java:83)
	at org.springframework.test.context.junit4.statements.SpringRepeat.evaluate(SpringRepeat.java:72)
	at org.springframework.test.context.junit4.SpringJUnit4ClassRunner.runChild(SpringJUnit4ClassRunner.java:231)
	at org.springframework.test.context.junit4.SpringJUnit4ClassRunner.runChild(SpringJUnit4ClassRunner.java:88)
	at org.junit.runners.ParentRunner$3.run(ParentRunner.java:238)
	at org.junit.runners.ParentRunner$1.schedule(ParentRunner.java:63)
	at org.junit.runners.ParentRunner.runChildren(ParentRunner.java:236)
	at org.junit.runners.ParentRunner.access$000(ParentRunner.java:53)
	at org.junit.runners.ParentRunner$2.evaluate(ParentRunner.java:229)
	at org.springframework.test.context.junit4.statements.RunBeforeTestClassCallbacks.evaluate(RunBeforeTestClassCallbacks.java:61)
	at org.springframework.test.context.junit4.statements.RunAfterTestClassCallbacks.evaluate(RunAfterTestClassCallbacks.java:71)
	at org.junit.runners.ParentRunner.run(ParentRunner.java:309)
	at org.springframework.test.context.junit4.SpringJUnit4ClassRunner.run(SpringJUnit4ClassRunner.java:174)
	at org.apache.maven.surefire.junit4.JUnit4Provider.execute(JUnit4Provider.java:236)
	at org.apache.maven.surefire.junit4.JUnit4Provider.executeTestSet(JUnit4Provider.java:134)
	at org.apache.maven.surefire.junit4.JUnit4Provider.invoke(JUnit4Provider.java:113)
	at sun.reflect.NativeMethodAccessorImpl.invoke0(Native Method)
	at sun.reflect.NativeMethodAccessorImpl.invoke(NativeMethodAccessorImpl.java:57)
	at sun.reflect.DelegatingMethodAccessorImpl.invoke(DelegatingMethodAccessorImpl.java:43)
	at java.lang.reflect.Method.invoke(Method.java:606)
	at org.apache.maven.surefire.util.ReflectionUtils.invokeMethodWithArray(ReflectionUtils.java:189)
	at org.apache.maven.surefire.booter.ProviderFactory$ProviderProxy.invoke(ProviderFactory.java:165)
	at org.apache.maven.surefire.booter.ProviderFactory.invokeProvider(ProviderFactory.java:85)
	at org.apache.maven.surefire.booter.ForkedBooter.runSuitesInProcess(ForkedBooter.java:103)
	at org.apache.maven.surefire.booter.ForkedBooter.main(ForkedBooter.java:74)
Caused by: javax.persistence.PersistenceException: org.hibernate.exception.SQLGrammarException: could not extract ResultSet
	at org.hibernate.jpa.spi.AbstractEntityManagerImpl.convert(AbstractEntityManagerImpl.java:1763)
	at org.hibernate.jpa.spi.AbstractEntityManagerImpl.convert(AbstractEntityManagerImpl.java:1677)
	at org.hibernate.jpa.internal.QueryImpl.getResultList(QueryImpl.java:458)
	... 46 more
Caused by: org.hibernate.exception.SQLGrammarException: could not extract ResultSet
	at org.hibernate.exception.internal.SQLStateConversionDelegate.convert(SQLStateConversionDelegate.java:123)
	at org.hibernate.exception.internal.StandardSQLExceptionConverter.convert(StandardSQLExceptionConverter.java:49)
	at org.hibernate.engine.jdbc.spi.SqlExceptionHelper.convert(SqlExceptionHelper.java:126)
	at org.hibernate.engine.jdbc.spi.SqlExceptionHelper.convert(SqlExceptionHelper.java:112)
	at org.hibernate.engine.jdbc.internal.ResultSetReturnImpl.extract(ResultSetReturnImpl.java:91)
	at org.hibernate.loader.Loader.getResultSet(Loader.java:2065)
	at org.hibernate.loader.Loader.executeQueryStatement(Loader.java:1862)
	at org.hibernate.loader.Loader.executeQueryStatement(Loader.java:1838)
	at org.hibernate.loader.Loader.doQuery(Loader.java:909)
	at org.hibernate.loader.Loader.doQueryAndInitializeNonLazyCollections(Loader.java:354)
	at org.hibernate.loader.Loader.doList(Loader.java:2553)
	at org.hibernate.loader.Loader.doList(Loader.java:2539)
	at org.hibernate.loader.Loader.listIgnoreQueryCache(Loader.java:2369)
	at org.hibernate.loader.Loader.list(Loader.java:2364)
	at org.hibernate.loader.hql.QueryLoader.list(QueryLoader.java:496)
	at org.hibernate.hql.internal.ast.QueryTranslatorImpl.list(QueryTranslatorImpl.java:387)
	at org.hibernate.engine.query.spi.HQLQueryPlan.performList(HQLQueryPlan.java:231)
	at org.hibernate.internal.SessionImpl.list(SessionImpl.java:1264)
	at org.hibernate.internal.QueryImpl.list(QueryImpl.java:103)
	at org.hibernate.jpa.internal.QueryImpl.list(QueryImpl.java:573)
	at org.hibernate.jpa.internal.QueryImpl.getResultList(QueryImpl.java:449)
	... 46 more
Caused by: java.sql.SQLException: Invalid column name &apos;valueOfPrice&apos;.
	at net.sourceforge.jtds.jdbc.SQLDiagnostic.addDiagnostic(SQLDiagnostic.java:368)
	at net.sourceforge.jtds.jdbc.TdsCore.tdsErrorToken(TdsCore.java:2820)
	at net.sourceforge.jtds.jdbc.TdsCore.nextToken(TdsCore.java:2258)
	at net.sourceforge.jtds.jdbc.TdsCore.getMoreResults(TdsCore.java:632)
	at net.sourceforge.jtds.jdbc.JtdsStatement.executeSQLQuery(JtdsStatement.java:477)
	at net.sourceforge.jtds.jdbc.JtdsPreparedStatement.executeQuery(JtdsPreparedStatement.java:778)
	at org.apache.commons.dbcp.DelegatingPreparedStatement.executeQuery(DelegatingPreparedStatement.java:96)
	at org.apache.commons.dbcp.DelegatingPreparedStatement.executeQuery(DelegatingPreparedStatement.java:96)
	at org.hibernate.engine.jdbc.internal.ResultSetReturnImpl.extract(ResultSetReturnImpl.java:82)
	... 62 more
</error>
    <system-out>2015-06-13 00:00:52,781 [main] ERROR org.hibernate.engine.jdbc.spi.SqlExceptionHelper - Invalid column name &apos;valueOfPrice&apos;.
</system-out>
  </testcase>
  <testcase time="0.015" classname="com.springsource.roo.reservetickets.domain.PriceIntegrationTest" name="testCountPrices">
    <error message="org.hibernate.exception.SQLGrammarException: could not extract ResultSet; nested exception is javax.persistence.PersistenceException: org.hibernate.exception.SQLGrammarException: could not extract ResultSet" type="org.springframework.orm.jpa.JpaSystemException">org.springframework.orm.jpa.JpaSystemException: org.hibernate.exception.SQLGrammarException: could not extract ResultSet; nested exception is javax.persistence.PersistenceException: org.hibernate.exception.SQLGrammarException: could not extract ResultSet
	at org.springframework.orm.jpa.EntityManagerFactoryUtils.convertJpaAccessExceptionIfPossible(EntityManagerFactoryUtils.java:321)
	at org.springframework.orm.jpa.aspectj.JpaExceptionTranslatorAspect.ajc$afterThrowing$org_springframework_orm_jpa_aspectj_JpaExceptionTranslatorAspect$1$18a1ac9(JpaExceptionTranslatorAspect.aj:33)
	at com.springsource.roo.reservetickets.domain.Price_Roo_Jpa_ActiveRecord.findPriceEntries_aroundBody10(Price_Roo_Jpa_ActiveRecord.aj:50)
	at com.springsource.roo.reservetickets.domain.Price_Roo_Jpa_ActiveRecord.ajc$interMethod$com_springsource_roo_reservetickets_domain_Price_Roo_Jpa_ActiveRecord$com_springsource_roo_reservetickets_domain_Price$findPriceEntries(Price_Roo_Jpa_ActiveRecord.aj:1)
	at com.springsource.roo.reservetickets.domain.Price.findPriceEntries(Price.java:1)
	at com.springsource.roo.reservetickets.domain.Price_Roo_Jpa_ActiveRecord.ajc$interMethodDispatch1$com_springsource_roo_reservetickets_domain_Price_Roo_Jpa_ActiveRecord$com_springsource_roo_reservetickets_domain_Price$findPriceEntries(Price_Roo_Jpa_ActiveRecord.aj)
	at com.springsource.roo.reservetickets.domain.PriceDataOnDemand_Roo_DataOnDemand.ajc$interMethod$com_springsource_roo_reservetickets_domain_PriceDataOnDemand_Roo_DataOnDemand$com_springsource_roo_reservetickets_domain_PriceDataOnDemand$init(PriceDataOnDemand_Roo_DataOnDemand.aj:77)
	at com.springsource.roo.reservetickets.domain.PriceDataOnDemand.init(PriceDataOnDemand.java:1)
	at com.springsource.roo.reservetickets.domain.PriceDataOnDemand_Roo_DataOnDemand.ajc$interMethodDispatch1$com_springsource_roo_reservetickets_domain_PriceDataOnDemand_Roo_DataOnDemand$com_springsource_roo_reservetickets_domain_PriceDataOnDemand$init(PriceDataOnDemand_Roo_DataOnDemand.aj)
	at com.springsource.roo.reservetickets.domain.PriceDataOnDemand_Roo_DataOnDemand.ajc$interMethod$com_springsource_roo_reservetickets_domain_PriceDataOnDemand_Roo_DataOnDemand$com_springsource_roo_reservetickets_domain_PriceDataOnDemand$getRandomPrice(PriceDataOnDemand_Roo_DataOnDemand.aj:64)
	at com.springsource.roo.reservetickets.domain.PriceDataOnDemand.getRandomPrice(PriceDataOnDemand.java:1)
	at com.springsource.roo.reservetickets.domain.PriceDataOnDemand_Roo_DataOnDemand.ajc$interMethodDispatch1$com_springsource_roo_reservetickets_domain_PriceDataOnDemand_Roo_DataOnDemand$com_springsource_roo_reservetickets_domain_PriceDataOnDemand$getRandomPrice(PriceDataOnDemand_Roo_DataOnDemand.aj)
	at com.springsource.roo.reservetickets.domain.PriceIntegrationTest_Roo_IntegrationTest.ajc$interMethod$com_springsource_roo_reservetickets_domain_PriceIntegrationTest_Roo_IntegrationTest$com_springsource_roo_reservetickets_domain_PriceIntegrationTest$testCountPrices(PriceIntegrationTest_Roo_IntegrationTest.aj:34)
	at com.springsource.roo.reservetickets.domain.PriceIntegrationTest.testCountPrices(PriceIntegrationTest.java:1)
	at sun.reflect.NativeMethodAccessorImpl.invoke0(Native Method)
	at sun.reflect.NativeMethodAccessorImpl.invoke(NativeMethodAccessorImpl.java:57)
	at sun.reflect.DelegatingMethodAccessorImpl.invoke(DelegatingMethodAccessorImpl.java:43)
	at java.lang.reflect.Method.invoke(Method.java:606)
	at org.junit.runners.model.FrameworkMethod$1.runReflectiveCall(FrameworkMethod.java:47)
	at org.junit.internal.runners.model.ReflectiveCallable.run(ReflectiveCallable.java:12)
	at org.junit.runners.model.FrameworkMethod.invokeExplosively(FrameworkMethod.java:44)
	at org.junit.internal.runners.statements.InvokeMethod.evaluate(InvokeMethod.java:17)
	at org.springframework.test.context.junit4.statements.RunBeforeTestMethodCallbacks.evaluate(RunBeforeTestMethodCallbacks.java:74)
	at org.springframework.test.context.junit4.statements.RunAfterTestMethodCallbacks.evaluate(RunAfterTestMethodCallbacks.java:83)
	at org.springframework.test.context.junit4.statements.SpringRepeat.evaluate(SpringRepeat.java:72)
	at org.springframework.test.context.junit4.SpringJUnit4ClassRunner.runChild(SpringJUnit4ClassRunner.java:231)
	at org.springframework.test.context.junit4.SpringJUnit4ClassRunner.runChild(SpringJUnit4ClassRunner.java:88)
	at org.junit.runners.ParentRunner$3.run(ParentRunner.java:238)
	at org.junit.runners.ParentRunner$1.schedule(ParentRunner.java:63)
	at org.junit.runners.ParentRunner.runChildren(ParentRunner.java:236)
	at org.junit.runners.ParentRunner.access$000(ParentRunner.java:53)
	at org.junit.runners.ParentRunner$2.evaluate(ParentRunner.java:229)
	at org.springframework.test.context.junit4.statements.RunBeforeTestClassCallbacks.evaluate(RunBeforeTestClassCallbacks.java:61)
	at org.springframework.test.context.junit4.statements.RunAfterTestClassCallbacks.evaluate(RunAfterTestClassCallbacks.java:71)
	at org.junit.runners.ParentRunner.run(ParentRunner.java:309)
	at org.springframework.test.context.junit4.SpringJUnit4ClassRunner.run(SpringJUnit4ClassRunner.java:174)
	at org.apache.maven.surefire.junit4.JUnit4Provider.execute(JUnit4Provider.java:236)
	at org.apache.maven.surefire.junit4.JUnit4Provider.executeTestSet(JUnit4Provider.java:134)
	at org.apache.maven.surefire.junit4.JUnit4Provider.invoke(JUnit4Provider.java:113)
	at sun.reflect.NativeMethodAccessorImpl.invoke0(Native Method)
	at sun.reflect.NativeMethodAccessorImpl.invoke(NativeMethodAccessorImpl.java:57)
	at sun.reflect.DelegatingMethodAccessorImpl.invoke(DelegatingMethodAccessorImpl.java:43)
	at java.lang.reflect.Method.invoke(Method.java:606)
	at org.apache.maven.surefire.util.ReflectionUtils.invokeMethodWithArray(ReflectionUtils.java:189)
	at org.apache.maven.surefire.booter.ProviderFactory$ProviderProxy.invoke(ProviderFactory.java:165)
	at org.apache.maven.surefire.booter.ProviderFactory.invokeProvider(ProviderFactory.java:85)
	at org.apache.maven.surefire.booter.ForkedBooter.runSuitesInProcess(ForkedBooter.java:103)
	at org.apache.maven.surefire.booter.ForkedBooter.main(ForkedBooter.java:74)
Caused by: javax.persistence.PersistenceException: org.hibernate.exception.SQLGrammarException: could not extract ResultSet
	at org.hibernate.jpa.spi.AbstractEntityManagerImpl.convert(AbstractEntityManagerImpl.java:1763)
	at org.hibernate.jpa.spi.AbstractEntityManagerImpl.convert(AbstractEntityManagerImpl.java:1677)
	at org.hibernate.jpa.internal.QueryImpl.getResultList(QueryImpl.java:458)
	... 46 more
Caused by: org.hibernate.exception.SQLGrammarException: could not extract ResultSet
	at org.hibernate.exception.internal.SQLStateConversionDelegate.convert(SQLStateConversionDelegate.java:123)
	at org.hibernate.exception.internal.StandardSQLExceptionConverter.convert(StandardSQLExceptionConverter.java:49)
	at org.hibernate.engine.jdbc.spi.SqlExceptionHelper.convert(SqlExceptionHelper.java:126)
	at org.hibernate.engine.jdbc.spi.SqlExceptionHelper.convert(SqlExceptionHelper.java:112)
	at org.hibernate.engine.jdbc.internal.ResultSetReturnImpl.extract(ResultSetReturnImpl.java:91)
	at org.hibernate.loader.Loader.getResultSet(Loader.java:2065)
	at org.hibernate.loader.Loader.executeQueryStatement(Loader.java:1862)
	at org.hibernate.loader.Loader.executeQueryStatement(Loader.java:1838)
	at org.hibernate.loader.Loader.doQuery(Loader.java:909)
	at org.hibernate.loader.Loader.doQueryAndInitializeNonLazyCollections(Loader.java:354)
	at org.hibernate.loader.Loader.doList(Loader.java:2553)
	at org.hibernate.loader.Loader.doList(Loader.java:2539)
	at org.hibernate.loader.Loader.listIgnoreQueryCache(Loader.java:2369)
	at org.hibernate.loader.Loader.list(Loader.java:2364)
	at org.hibernate.loader.hql.QueryLoader.list(QueryLoader.java:496)
	at org.hibernate.hql.internal.ast.QueryTranslatorImpl.list(QueryTranslatorImpl.java:387)
	at org.hibernate.engine.query.spi.HQLQueryPlan.performList(HQLQueryPlan.java:231)
	at org.hibernate.internal.SessionImpl.list(SessionImpl.java:1264)
	at org.hibernate.internal.QueryImpl.list(QueryImpl.java:103)
	at org.hibernate.jpa.internal.QueryImpl.list(QueryImpl.java:573)
	at org.hibernate.jpa.internal.QueryImpl.getResultList(QueryImpl.java:449)
	... 46 more
Caused by: java.sql.SQLException: Invalid column name &apos;valueOfPrice&apos;.
	at net.sourceforge.jtds.jdbc.SQLDiagnostic.addDiagnostic(SQLDiagnostic.java:368)
	at net.sourceforge.jtds.jdbc.TdsCore.tdsErrorToken(TdsCore.java:2820)
	at net.sourceforge.jtds.jdbc.TdsCore.nextToken(TdsCore.java:2258)
	at net.sourceforge.jtds.jdbc.TdsCore.getMoreResults(TdsCore.java:632)
	at net.sourceforge.jtds.jdbc.JtdsStatement.executeSQLQuery(JtdsStatement.java:477)
	at net.sourceforge.jtds.jdbc.JtdsPreparedStatement.executeQuery(JtdsPreparedStatement.java:778)
	at org.apache.commons.dbcp.DelegatingPreparedStatement.executeQuery(DelegatingPreparedStatement.java:96)
	at org.apache.commons.dbcp.DelegatingPreparedStatement.executeQuery(DelegatingPreparedStatement.java:96)
	at org.hibernate.engine.jdbc.internal.ResultSetReturnImpl.extract(ResultSetReturnImpl.java:82)
	... 62 more
</error>
    <system-out>2015-06-13 00:00:52,796 [main] ERROR org.hibernate.engine.jdbc.spi.SqlExceptionHelper - Invalid column name &apos;valueOfPrice&apos;.
</system-out>
  </testcase>
  <testcase time="0" classname="com.springsource.roo.reservetickets.domain.PriceIntegrationTest" name="testFindAllPrices">
    <error message="org.hibernate.exception.SQLGrammarException: could not extract ResultSet; nested exception is javax.persistence.PersistenceException: org.hibernate.exception.SQLGrammarException: could not extract ResultSet" type="org.springframework.orm.jpa.JpaSystemException">org.springframework.orm.jpa.JpaSystemException: org.hibernate.exception.SQLGrammarException: could not extract ResultSet; nested exception is javax.persistence.PersistenceException: org.hibernate.exception.SQLGrammarException: could not extract ResultSet
	at org.springframework.orm.jpa.EntityManagerFactoryUtils.convertJpaAccessExceptionIfPossible(EntityManagerFactoryUtils.java:321)
	at org.springframework.orm.jpa.aspectj.JpaExceptionTranslatorAspect.ajc$afterThrowing$org_springframework_orm_jpa_aspectj_JpaExceptionTranslatorAspect$1$18a1ac9(JpaExceptionTranslatorAspect.aj:33)
	at com.springsource.roo.reservetickets.domain.Price_Roo_Jpa_ActiveRecord.findPriceEntries_aroundBody10(Price_Roo_Jpa_ActiveRecord.aj:50)
	at com.springsource.roo.reservetickets.domain.Price_Roo_Jpa_ActiveRecord.ajc$interMethod$com_springsource_roo_reservetickets_domain_Price_Roo_Jpa_ActiveRecord$com_springsource_roo_reservetickets_domain_Price$findPriceEntries(Price_Roo_Jpa_ActiveRecord.aj:1)
	at com.springsource.roo.reservetickets.domain.Price.findPriceEntries(Price.java:1)
	at com.springsource.roo.reservetickets.domain.Price_Roo_Jpa_ActiveRecord.ajc$interMethodDispatch1$com_springsource_roo_reservetickets_domain_Price_Roo_Jpa_ActiveRecord$com_springsource_roo_reservetickets_domain_Price$findPriceEntries(Price_Roo_Jpa_ActiveRecord.aj)
	at com.springsource.roo.reservetickets.domain.PriceDataOnDemand_Roo_DataOnDemand.ajc$interMethod$com_springsource_roo_reservetickets_domain_PriceDataOnDemand_Roo_DataOnDemand$com_springsource_roo_reservetickets_domain_PriceDataOnDemand$init(PriceDataOnDemand_Roo_DataOnDemand.aj:77)
	at com.springsource.roo.reservetickets.domain.PriceDataOnDemand.init(PriceDataOnDemand.java:1)
	at com.springsource.roo.reservetickets.domain.PriceDataOnDemand_Roo_DataOnDemand.ajc$interMethodDispatch1$com_springsource_roo_reservetickets_domain_PriceDataOnDemand_Roo_DataOnDemand$com_springsource_roo_reservetickets_domain_PriceDataOnDemand$init(PriceDataOnDemand_Roo_DataOnDemand.aj)
	at com.springsource.roo.reservetickets.domain.PriceDataOnDemand_Roo_DataOnDemand.ajc$interMethod$com_springsource_roo_reservetickets_domain_PriceDataOnDemand_Roo_DataOnDemand$com_springsource_roo_reservetickets_domain_PriceDataOnDemand$getRandomPrice(PriceDataOnDemand_Roo_DataOnDemand.aj:64)
	at com.springsource.roo.reservetickets.domain.PriceDataOnDemand.getRandomPrice(PriceDataOnDemand.java:1)
	at com.springsource.roo.reservetickets.domain.PriceDataOnDemand_Roo_DataOnDemand.ajc$interMethodDispatch1$com_springsource_roo_reservetickets_domain_PriceDataOnDemand_Roo_DataOnDemand$com_springsource_roo_reservetickets_domain_PriceDataOnDemand$getRandomPrice(PriceDataOnDemand_Roo_DataOnDemand.aj)
	at com.springsource.roo.reservetickets.domain.PriceIntegrationTest_Roo_IntegrationTest.ajc$interMethod$com_springsource_roo_reservetickets_domain_PriceIntegrationTest_Roo_IntegrationTest$com_springsource_roo_reservetickets_domain_PriceIntegrationTest$testFindAllPrices(PriceIntegrationTest_Roo_IntegrationTest.aj:52)
	at com.springsource.roo.reservetickets.domain.PriceIntegrationTest.testFindAllPrices(PriceIntegrationTest.java:1)
	at sun.reflect.NativeMethodAccessorImpl.invoke0(Native Method)
	at sun.reflect.NativeMethodAccessorImpl.invoke(NativeMethodAccessorImpl.java:57)
	at sun.reflect.DelegatingMethodAccessorImpl.invoke(DelegatingMethodAccessorImpl.java:43)
	at java.lang.reflect.Method.invoke(Method.java:606)
	at org.junit.runners.model.FrameworkMethod$1.runReflectiveCall(FrameworkMethod.java:47)
	at org.junit.internal.runners.model.ReflectiveCallable.run(ReflectiveCallable.java:12)
	at org.junit.runners.model.FrameworkMethod.invokeExplosively(FrameworkMethod.java:44)
	at org.junit.internal.runners.statements.InvokeMethod.evaluate(InvokeMethod.java:17)
	at org.springframework.test.context.junit4.statements.RunBeforeTestMethodCallbacks.evaluate(RunBeforeTestMethodCallbacks.java:74)
	at org.springframework.test.context.junit4.statements.RunAfterTestMethodCallbacks.evaluate(RunAfterTestMethodCallbacks.java:83)
	at org.springframework.test.context.junit4.statements.SpringRepeat.evaluate(SpringRepeat.java:72)
	at org.springframework.test.context.junit4.SpringJUnit4ClassRunner.runChild(SpringJUnit4ClassRunner.java:231)
	at org.springframework.test.context.junit4.SpringJUnit4ClassRunner.runChild(SpringJUnit4ClassRunner.java:88)
	at org.junit.runners.ParentRunner$3.run(ParentRunner.java:238)
	at org.junit.runners.ParentRunner$1.schedule(ParentRunner.java:63)
	at org.junit.runners.ParentRunner.runChildren(ParentRunner.java:236)
	at org.junit.runners.ParentRunner.access$000(ParentRunner.java:53)
	at org.junit.runners.ParentRunner$2.evaluate(ParentRunner.java:229)
	at org.springframework.test.context.junit4.statements.RunBeforeTestClassCallbacks.evaluate(RunBeforeTestClassCallbacks.java:61)
	at org.springframework.test.context.junit4.statements.RunAfterTestClassCallbacks.evaluate(RunAfterTestClassCallbacks.java:71)
	at org.junit.runners.ParentRunner.run(ParentRunner.java:309)
	at org.springframework.test.context.junit4.SpringJUnit4ClassRunner.run(SpringJUnit4ClassRunner.java:174)
	at org.apache.maven.surefire.junit4.JUnit4Provider.execute(JUnit4Provider.java:236)
	at org.apache.maven.surefire.junit4.JUnit4Provider.executeTestSet(JUnit4Provider.java:134)
	at org.apache.maven.surefire.junit4.JUnit4Provider.invoke(JUnit4Provider.java:113)
	at sun.reflect.NativeMethodAccessorImpl.invoke0(Native Method)
	at sun.reflect.NativeMethodAccessorImpl.invoke(NativeMethodAccessorImpl.java:57)
	at sun.reflect.DelegatingMethodAccessorImpl.invoke(DelegatingMethodAccessorImpl.java:43)
	at java.lang.reflect.Method.invoke(Method.java:606)
	at org.apache.maven.surefire.util.ReflectionUtils.invokeMethodWithArray(ReflectionUtils.java:189)
	at org.apache.maven.surefire.booter.ProviderFactory$ProviderProxy.invoke(ProviderFactory.java:165)
	at org.apache.maven.surefire.booter.ProviderFactory.invokeProvider(ProviderFactory.java:85)
	at org.apache.maven.surefire.booter.ForkedBooter.runSuitesInProcess(ForkedBooter.java:103)
	at org.apache.maven.surefire.booter.ForkedBooter.main(ForkedBooter.java:74)
Caused by: javax.persistence.PersistenceException: org.hibernate.exception.SQLGrammarException: could not extract ResultSet
	at org.hibernate.jpa.spi.AbstractEntityManagerImpl.convert(AbstractEntityManagerImpl.java:1763)
	at org.hibernate.jpa.spi.AbstractEntityManagerImpl.convert(AbstractEntityManagerImpl.java:1677)
	at org.hibernate.jpa.internal.QueryImpl.getResultList(QueryImpl.java:458)
	... 46 more
Caused by: org.hibernate.exception.SQLGrammarException: could not extract ResultSet
	at org.hibernate.exception.internal.SQLStateConversionDelegate.convert(SQLStateConversionDelegate.java:123)
	at org.hibernate.exception.internal.StandardSQLExceptionConverter.convert(StandardSQLExceptionConverter.java:49)
	at org.hibernate.engine.jdbc.spi.SqlExceptionHelper.convert(SqlExceptionHelper.java:126)
	at org.hibernate.engine.jdbc.spi.SqlExceptionHelper.convert(SqlExceptionHelper.java:112)
	at org.hibernate.engine.jdbc.internal.ResultSetReturnImpl.extract(ResultSetReturnImpl.java:91)
	at org.hibernate.loader.Loader.getResultSet(Loader.java:2065)
	at org.hibernate.loader.Loader.executeQueryStatement(Loader.java:1862)
	at org.hibernate.loader.Loader.executeQueryStatement(Loader.java:1838)
	at org.hibernate.loader.Loader.doQuery(Loader.java:909)
	at org.hibernate.loader.Loader.doQueryAndInitializeNonLazyCollections(Loader.java:354)
	at org.hibernate.loader.Loader.doList(Loader.java:2553)
	at org.hibernate.loader.Loader.doList(Loader.java:2539)
	at org.hibernate.loader.Loader.listIgnoreQueryCache(Loader.java:2369)
	at org.hibernate.loader.Loader.list(Loader.java:2364)
	at org.hibernate.loader.hql.QueryLoader.list(QueryLoader.java:496)
	at org.hibernate.hql.internal.ast.QueryTranslatorImpl.list(QueryTranslatorImpl.java:387)
	at org.hibernate.engine.query.spi.HQLQueryPlan.performList(HQLQueryPlan.java:231)
	at org.hibernate.internal.SessionImpl.list(SessionImpl.java:1264)
	at org.hibernate.internal.QueryImpl.list(QueryImpl.java:103)
	at org.hibernate.jpa.internal.QueryImpl.list(QueryImpl.java:573)
	at org.hibernate.jpa.internal.QueryImpl.getResultList(QueryImpl.java:449)
	... 46 more
Caused by: java.sql.SQLException: Invalid column name &apos;valueOfPrice&apos;.
	at net.sourceforge.jtds.jdbc.SQLDiagnostic.addDiagnostic(SQLDiagnostic.java:368)
	at net.sourceforge.jtds.jdbc.TdsCore.tdsErrorToken(TdsCore.java:2820)
	at net.sourceforge.jtds.jdbc.TdsCore.nextToken(TdsCore.java:2258)
	at net.sourceforge.jtds.jdbc.TdsCore.getMoreResults(TdsCore.java:632)
	at net.sourceforge.jtds.jdbc.JtdsStatement.executeSQLQuery(JtdsStatement.java:477)
	at net.sourceforge.jtds.jdbc.JtdsPreparedStatement.executeQuery(JtdsPreparedStatement.java:778)
	at org.apache.commons.dbcp.DelegatingPreparedStatement.executeQuery(DelegatingPreparedStatement.java:96)
	at org.apache.commons.dbcp.DelegatingPreparedStatement.executeQuery(DelegatingPreparedStatement.java:96)
	at org.hibernate.engine.jdbc.internal.ResultSetReturnImpl.extract(ResultSetReturnImpl.java:82)
	... 62 more
</error>
    <system-out>2015-06-13 00:00:52,796 [main] ERROR org.hibernate.engine.jdbc.spi.SqlExceptionHelper - Invalid column name &apos;valueOfPrice&apos;.
</system-out>
  </testcase>
  <testcase time="0" classname="com.springsource.roo.reservetickets.domain.PriceIntegrationTest" name="testRemove">
    <error message="org.hibernate.exception.SQLGrammarException: could not extract ResultSet; nested exception is javax.persistence.PersistenceException: org.hibernate.exception.SQLGrammarException: could not extract ResultSet" type="org.springframework.orm.jpa.JpaSystemException">org.springframework.orm.jpa.JpaSystemException: org.hibernate.exception.SQLGrammarException: could not extract ResultSet; nested exception is javax.persistence.PersistenceException: org.hibernate.exception.SQLGrammarException: could not extract ResultSet
	at org.springframework.orm.jpa.EntityManagerFactoryUtils.convertJpaAccessExceptionIfPossible(EntityManagerFactoryUtils.java:321)
	at org.springframework.orm.jpa.aspectj.JpaExceptionTranslatorAspect.ajc$afterThrowing$org_springframework_orm_jpa_aspectj_JpaExceptionTranslatorAspect$1$18a1ac9(JpaExceptionTranslatorAspect.aj:33)
	at com.springsource.roo.reservetickets.domain.Price_Roo_Jpa_ActiveRecord.findPriceEntries_aroundBody10(Price_Roo_Jpa_ActiveRecord.aj:50)
	at com.springsource.roo.reservetickets.domain.Price_Roo_Jpa_ActiveRecord.ajc$interMethod$com_springsource_roo_reservetickets_domain_Price_Roo_Jpa_ActiveRecord$com_springsource_roo_reservetickets_domain_Price$findPriceEntries(Price_Roo_Jpa_ActiveRecord.aj:1)
	at com.springsource.roo.reservetickets.domain.Price.findPriceEntries(Price.java:1)
	at com.springsource.roo.reservetickets.domain.Price_Roo_Jpa_ActiveRecord.ajc$interMethodDispatch1$com_springsource_roo_reservetickets_domain_Price_Roo_Jpa_ActiveRecord$com_springsource_roo_reservetickets_domain_Price$findPriceEntries(Price_Roo_Jpa_ActiveRecord.aj)
	at com.springsource.roo.reservetickets.domain.PriceDataOnDemand_Roo_DataOnDemand.ajc$interMethod$com_springsource_roo_reservetickets_domain_PriceDataOnDemand_Roo_DataOnDemand$com_springsource_roo_reservetickets_domain_PriceDataOnDemand$init(PriceDataOnDemand_Roo_DataOnDemand.aj:77)
	at com.springsource.roo.reservetickets.domain.PriceDataOnDemand.init(PriceDataOnDemand.java:1)
	at com.springsource.roo.reservetickets.domain.PriceDataOnDemand_Roo_DataOnDemand.ajc$interMethodDispatch1$com_springsource_roo_reservetickets_domain_PriceDataOnDemand_Roo_DataOnDemand$com_springsource_roo_reservetickets_domain_PriceDataOnDemand$init(PriceDataOnDemand_Roo_DataOnDemand.aj)
	at com.springsource.roo.reservetickets.domain.PriceDataOnDemand_Roo_DataOnDemand.ajc$interMethod$com_springsource_roo_reservetickets_domain_PriceDataOnDemand_Roo_DataOnDemand$com_springsource_roo_reservetickets_domain_PriceDataOnDemand$getRandomPrice(PriceDataOnDemand_Roo_DataOnDemand.aj:64)
	at com.springsource.roo.reservetickets.domain.PriceDataOnDemand.getRandomPrice(PriceDataOnDemand.java:1)
	at com.springsource.roo.reservetickets.domain.PriceDataOnDemand_Roo_DataOnDemand.ajc$interMethodDispatch1$com_springsource_roo_reservetickets_domain_PriceDataOnDemand_Roo_DataOnDemand$com_springsource_roo_reservetickets_domain_PriceDataOnDemand$getRandomPrice(PriceDataOnDemand_Roo_DataOnDemand.aj)
	at com.springsource.roo.reservetickets.domain.PriceIntegrationTest_Roo_IntegrationTest.ajc$interMethod$com_springsource_roo_reservetickets_domain_PriceIntegrationTest_Roo_IntegrationTest$com_springsource_roo_reservetickets_domain_PriceIntegrationTest$testRemove(PriceIntegrationTest_Roo_IntegrationTest.aj:123)
	at com.springsource.roo.reservetickets.domain.PriceIntegrationTest.testRemove(PriceIntegrationTest.java:1)
	at sun.reflect.NativeMethodAccessorImpl.invoke0(Native Method)
	at sun.reflect.NativeMethodAccessorImpl.invoke(NativeMethodAccessorImpl.java:57)
	at sun.reflect.DelegatingMethodAccessorImpl.invoke(DelegatingMethodAccessorImpl.java:43)
	at java.lang.reflect.Method.invoke(Method.java:606)
	at org.junit.runners.model.FrameworkMethod$1.runReflectiveCall(FrameworkMethod.java:47)
	at org.junit.internal.runners.model.ReflectiveCallable.run(ReflectiveCallable.java:12)
	at org.junit.runners.model.FrameworkMethod.invokeExplosively(FrameworkMethod.java:44)
	at org.junit.internal.runners.statements.InvokeMethod.evaluate(InvokeMethod.java:17)
	at org.springframework.test.context.junit4.statements.RunBeforeTestMethodCallbacks.evaluate(RunBeforeTestMethodCallbacks.java:74)
	at org.springframework.test.context.junit4.statements.RunAfterTestMethodCallbacks.evaluate(RunAfterTestMethodCallbacks.java:83)
	at org.springframework.test.context.junit4.statements.SpringRepeat.evaluate(SpringRepeat.java:72)
	at org.springframework.test.context.junit4.SpringJUnit4ClassRunner.runChild(SpringJUnit4ClassRunner.java:231)
	at org.springframework.test.context.junit4.SpringJUnit4ClassRunner.runChild(SpringJUnit4ClassRunner.java:88)
	at org.junit.runners.ParentRunner$3.run(ParentRunner.java:238)
	at org.junit.runners.ParentRunner$1.schedule(ParentRunner.java:63)
	at org.junit.runners.ParentRunner.runChildren(ParentRunner.java:236)
	at org.junit.runners.ParentRunner.access$000(ParentRunner.java:53)
	at org.junit.runners.ParentRunner$2.evaluate(ParentRunner.java:229)
	at org.springframework.test.context.junit4.statements.RunBeforeTestClassCallbacks.evaluate(RunBeforeTestClassCallbacks.java:61)
	at org.springframework.test.context.junit4.statements.RunAfterTestClassCallbacks.evaluate(RunAfterTestClassCallbacks.java:71)
	at org.junit.runners.ParentRunner.run(ParentRunner.java:309)
	at org.springframework.test.context.junit4.SpringJUnit4ClassRunner.run(SpringJUnit4ClassRunner.java:174)
	at org.apache.maven.surefire.junit4.JUnit4Provider.execute(JUnit4Provider.java:236)
	at org.apache.maven.surefire.junit4.JUnit4Provider.executeTestSet(JUnit4Provider.java:134)
	at org.apache.maven.surefire.junit4.JUnit4Provider.invoke(JUnit4Provider.java:113)
	at sun.reflect.NativeMethodAccessorImpl.invoke0(Native Method)
	at sun.reflect.NativeMethodAccessorImpl.invoke(NativeMethodAccessorImpl.java:57)
	at sun.reflect.DelegatingMethodAccessorImpl.invoke(DelegatingMethodAccessorImpl.java:43)
	at java.lang.reflect.Method.invoke(Method.java:606)
	at org.apache.maven.surefire.util.ReflectionUtils.invokeMethodWithArray(ReflectionUtils.java:189)
	at org.apache.maven.surefire.booter.ProviderFactory$ProviderProxy.invoke(ProviderFactory.java:165)
	at org.apache.maven.surefire.booter.ProviderFactory.invokeProvider(ProviderFactory.java:85)
	at org.apache.maven.surefire.booter.ForkedBooter.runSuitesInProcess(ForkedBooter.java:103)
	at org.apache.maven.surefire.booter.ForkedBooter.main(ForkedBooter.java:74)
Caused by: javax.persistence.PersistenceException: org.hibernate.exception.SQLGrammarException: could not extract ResultSet
	at org.hibernate.jpa.spi.AbstractEntityManagerImpl.convert(AbstractEntityManagerImpl.java:1763)
	at org.hibernate.jpa.spi.AbstractEntityManagerImpl.convert(AbstractEntityManagerImpl.java:1677)
	at org.hibernate.jpa.internal.QueryImpl.getResultList(QueryImpl.java:458)
	... 46 more
Caused by: org.hibernate.exception.SQLGrammarException: could not extract ResultSet
	at org.hibernate.exception.internal.SQLStateConversionDelegate.convert(SQLStateConversionDelegate.java:123)
	at org.hibernate.exception.internal.StandardSQLExceptionConverter.convert(StandardSQLExceptionConverter.java:49)
	at org.hibernate.engine.jdbc.spi.SqlExceptionHelper.convert(SqlExceptionHelper.java:126)
	at org.hibernate.engine.jdbc.spi.SqlExceptionHelper.convert(SqlExceptionHelper.java:112)
	at org.hibernate.engine.jdbc.internal.ResultSetReturnImpl.extract(ResultSetReturnImpl.java:91)
	at org.hibernate.loader.Loader.getResultSet(Loader.java:2065)
	at org.hibernate.loader.Loader.executeQueryStatement(Loader.java:1862)
	at org.hibernate.loader.Loader.executeQueryStatement(Loader.java:1838)
	at org.hibernate.loader.Loader.doQuery(Loader.java:909)
	at org.hibernate.loader.Loader.doQueryAndInitializeNonLazyCollections(Loader.java:354)
	at org.hibernate.loader.Loader.doList(Loader.java:2553)
	at org.hibernate.loader.Loader.doList(Loader.java:2539)
	at org.hibernate.loader.Loader.listIgnoreQueryCache(Loader.java:2369)
	at org.hibernate.loader.Loader.list(Loader.java:2364)
	at org.hibernate.loader.hql.QueryLoader.list(QueryLoader.java:496)
	at org.hibernate.hql.internal.ast.QueryTranslatorImpl.list(QueryTranslatorImpl.java:387)
	at org.hibernate.engine.query.spi.HQLQueryPlan.performList(HQLQueryPlan.java:231)
	at org.hibernate.internal.SessionImpl.list(SessionImpl.java:1264)
	at org.hibernate.internal.QueryImpl.list(QueryImpl.java:103)
	at org.hibernate.jpa.internal.QueryImpl.list(QueryImpl.java:573)
	at org.hibernate.jpa.internal.QueryImpl.getResultList(QueryImpl.java:449)
	... 46 more
Caused by: java.sql.SQLException: Invalid column name &apos;valueOfPrice&apos;.
	at net.sourceforge.jtds.jdbc.SQLDiagnostic.addDiagnostic(SQLDiagnostic.java:368)
	at net.sourceforge.jtds.jdbc.TdsCore.tdsErrorToken(TdsCore.java:2820)
	at net.sourceforge.jtds.jdbc.TdsCore.nextToken(TdsCore.java:2258)
	at net.sourceforge.jtds.jdbc.TdsCore.getMoreResults(TdsCore.java:632)
	at net.sourceforge.jtds.jdbc.JtdsStatement.executeSQLQuery(JtdsStatement.java:477)
	at net.sourceforge.jtds.jdbc.JtdsPreparedStatement.executeQuery(JtdsPreparedStatement.java:778)
	at org.apache.commons.dbcp.DelegatingPreparedStatement.executeQuery(DelegatingPreparedStatement.java:96)
	at org.apache.commons.dbcp.DelegatingPreparedStatement.executeQuery(DelegatingPreparedStatement.java:96)
	at org.hibernate.engine.jdbc.internal.ResultSetReturnImpl.extract(ResultSetReturnImpl.java:82)
	... 62 more
</error>
    <system-out>2015-06-13 00:00:52,796 [main] ERROR org.hibernate.engine.jdbc.spi.SqlExceptionHelper - Invalid column name &apos;valueOfPrice&apos;.
</system-out>
  </testcase>
</testsuite>